20:39:13 INFO  : Registering command handlers for SDK TCF services
20:39:13 INFO  : Launching XSCT server: xsct.bat -interactive C:\proj_HoloFrame\fpga\NexysVideo_HDMI\proj\HDMI.sdk\temp_xsdb_launch_script.tcl
20:39:15 INFO  : XSCT server has started successfully.
20:39:15 INFO  : Successfully done setting XSCT server connection channel  
20:39:16 INFO  : Successfully done setting SDK workspace  
20:39:16 INFO  : Processing command line option -hwspec C:/proj_HoloFrame/fpga/NexysVideo_HDMI/proj/HDMI.sdk/TOP.hdf.
20:41:39 INFO  : Connected to target on host '127.0.0.1' and port '3121'.
20:41:39 INFO  : Jtag cable 'Digilent Nexys Video 210276689739B' is selected.
20:41:39 INFO  : 'jtag frequency' command is executed.
20:41:39 INFO  : 'targets -set -filter {jtag_cable_name =~ "Digilent Nexys Video 210276689739B" && level==0} -index 0' command is executed.
20:41:45 INFO  : FPGA configured successfully with bitstream "C:/proj_HoloFrame/fpga/NexysVideo_HDMI/proj/HDMI.sdk/TOP_hw_platform_0/TOP.bit"
20:41:45 INFO  : Context for processor 'microblaze_i0' is selected.
20:41:45 INFO  : System reset is completed.
20:41:48 INFO  : 'after 3000' command is executed.
20:41:48 INFO  : Context for processor 'microblaze_i0' is selected.
20:41:48 ERROR : Cannot stop MicroBlaze. MicroBlaze is held in reset
20:41:48 INFO  : ----------------XSDB Script----------------
connect -url tcp:127.0.0.1:3121
targets -set -filter {jtag_cable_name =~ "Digilent Nexys Video 210276689739B" && level==0} -index 0
fpga -file C:/proj_HoloFrame/fpga/NexysVideo_HDMI/proj/HDMI.sdk/TOP_hw_platform_0/TOP.bit
targets -set -nocase -filter {name =~ "microblaze*#0" && bscan=="USER2"  && jtag_cable_name =~ "Digilent Nexys Video 210276689739B"} -index 0
rst -system
after 3000
targets -set -nocase -filter {name =~ "microblaze*#0" && bscan=="USER2"  && jtag_cable_name =~ "Digilent Nexys Video 210276689739B"} -index 0
dow C:/proj_HoloFrame/fpga/NexysVideo_HDMI/proj/HDMI.sdk/MixHDMI/Debug/MixHDMI.elf
----------------End of Script----------------

22:01:42 INFO  : Launching XSCT server: xsct.bat -interactive C:\proj_HoloFrame\fpga\NexysVideo_HDMI\proj\HDMI.sdk\temp_xsdb_launch_script.tcl
22:01:44 INFO  : XSCT server has started successfully.
22:01:44 INFO  : Successfully done setting XSCT server connection channel  
22:01:44 INFO  : Successfully done setting SDK workspace  
22:01:47 INFO  : Registering command handlers for SDK TCF services
22:01:47 INFO  : Processing command line option -hwspec C:/proj_HoloFrame/fpga/NexysVideo_HDMI/proj/HDMI.sdk/TOP.hdf.
22:01:47 INFO  : Checking for hwspec changes in the project TOP_hw_platform_0.
22:02:12 INFO  : Connected to target on host '127.0.0.1' and port '3121'.
22:02:12 INFO  : Jtag cable 'Digilent Nexys Video 210276689739B' is selected.
22:02:12 INFO  : 'jtag frequency' command is executed.
22:02:12 INFO  : 'targets -set -filter {jtag_cable_name =~ "Digilent Nexys Video 210276689739B" && level==0} -index 0' command is executed.
22:02:18 INFO  : FPGA configured successfully with bitstream "C:/proj_HoloFrame/fpga/NexysVideo_HDMI/proj/HDMI.sdk/TOP_hw_platform_0/TOP.bit"
22:02:18 INFO  : Context for processor 'microblaze_i0' is selected.
22:02:18 INFO  : System reset is completed.
22:02:21 INFO  : 'after 3000' command is executed.
22:02:21 INFO  : Context for processor 'microblaze_i0' is selected.
22:02:21 ERROR : Cannot stop MicroBlaze. MicroBlaze is held in reset
22:02:21 INFO  : ----------------XSDB Script----------------
connect -url tcp:127.0.0.1:3121
targets -set -filter {jtag_cable_name =~ "Digilent Nexys Video 210276689739B" && level==0} -index 0
fpga -file C:/proj_HoloFrame/fpga/NexysVideo_HDMI/proj/HDMI.sdk/TOP_hw_platform_0/TOP.bit
targets -set -nocase -filter {name =~ "microblaze*#0" && bscan=="USER2"  && jtag_cable_name =~ "Digilent Nexys Video 210276689739B"} -index 0
rst -system
after 3000
targets -set -nocase -filter {name =~ "microblaze*#0" && bscan=="USER2"  && jtag_cable_name =~ "Digilent Nexys Video 210276689739B"} -index 0
dow C:/proj_HoloFrame/fpga/NexysVideo_HDMI/proj/HDMI.sdk/MixHDMI/Debug/MixHDMI.elf
----------------End of Script----------------

22:03:29 INFO  : Launching XSCT server: xsct.bat -interactive C:\proj_HoloFrame\fpga\NexysVideo_HDMI\proj\HDMI.sdk\temp_xsdb_launch_script.tcl
22:03:31 INFO  : XSCT server has started successfully.
22:03:31 INFO  : Successfully done setting XSCT server connection channel  
22:03:31 INFO  : Successfully done setting SDK workspace  
22:03:34 INFO  : Registering command handlers for SDK TCF services
22:03:34 INFO  : Processing command line option -hwspec C:/proj_HoloFrame/fpga/NexysVideo_HDMI/proj/HDMI.sdk/TOP.hdf.
22:03:34 INFO  : Checking for hwspec changes in the project TOP_hw_platform_0.
22:03:48 INFO  : Connected to target on host '127.0.0.1' and port '3121'.
22:03:48 INFO  : Jtag cable 'Digilent Nexys Video 210276689739B' is selected.
22:03:48 INFO  : 'jtag frequency' command is executed.
22:03:48 INFO  : 'targets -set -filter {jtag_cable_name =~ "Digilent Nexys Video 210276689739B" && level==0} -index 0' command is executed.
22:03:53 INFO  : FPGA configured successfully with bitstream "C:/proj_HoloFrame/fpga/NexysVideo_HDMI/proj/HDMI.sdk/TOP_hw_platform_0/TOP.bit"
22:03:53 INFO  : Context for processor 'microblaze_i0' is selected.
22:03:54 INFO  : System reset is completed.
22:03:57 INFO  : 'after 3000' command is executed.
22:03:57 INFO  : Context for processor 'microblaze_i0' is selected.
22:03:57 ERROR : Cannot stop MicroBlaze. MicroBlaze is held in reset
22:03:57 INFO  : ----------------XSDB Script----------------
connect -url tcp:127.0.0.1:3121
targets -set -filter {jtag_cable_name =~ "Digilent Nexys Video 210276689739B" && level==0} -index 0
fpga -file C:/proj_HoloFrame/fpga/NexysVideo_HDMI/proj/HDMI.sdk/TOP_hw_platform_0/TOP.bit
targets -set -nocase -filter {name =~ "microblaze*#0" && bscan=="USER2"  && jtag_cable_name =~ "Digilent Nexys Video 210276689739B"} -index 0
rst -system
after 3000
targets -set -nocase -filter {name =~ "microblaze*#0" && bscan=="USER2"  && jtag_cable_name =~ "Digilent Nexys Video 210276689739B"} -index 0
dow C:/proj_HoloFrame/fpga/NexysVideo_HDMI/proj/HDMI.sdk/MixHDMI/Debug/MixHDMI.elf
----------------End of Script----------------

22:04:34 INFO  : Connected to target on host '127.0.0.1' and port '3121'.
22:04:34 INFO  : Jtag cable 'Digilent Nexys Video 210276689739B' is selected.
22:04:34 INFO  : 'jtag frequency' command is executed.
22:04:34 INFO  : 'targets -set -filter {jtag_cable_name =~ "Digilent Nexys Video 210276689739B" && level==0} -index 0' command is executed.
22:04:40 INFO  : FPGA configured successfully with bitstream "C:/proj_HoloFrame/fpga/NexysVideo_HDMI/proj/HDMI.sdk/TOP_hw_platform_0/TOP.bit"
22:04:40 INFO  : Context for processor 'microblaze_i0' is selected.
22:04:40 INFO  : System reset is completed.
22:04:43 INFO  : 'after 3000' command is executed.
22:04:43 INFO  : Context for processor 'microblaze_i0' is selected.
22:04:43 ERROR : Cannot stop MicroBlaze. MicroBlaze is held in reset
22:04:43 INFO  : ----------------XSDB Script----------------
connect -url tcp:127.0.0.1:3121
targets -set -filter {jtag_cable_name =~ "Digilent Nexys Video 210276689739B" && level==0} -index 0
fpga -file C:/proj_HoloFrame/fpga/NexysVideo_HDMI/proj/HDMI.sdk/TOP_hw_platform_0/TOP.bit
targets -set -nocase -filter {name =~ "microblaze*#0" && bscan=="USER2"  && jtag_cable_name =~ "Digilent Nexys Video 210276689739B"} -index 0
rst -system
after 3000
targets -set -nocase -filter {name =~ "microblaze*#0" && bscan=="USER2"  && jtag_cable_name =~ "Digilent Nexys Video 210276689739B"} -index 0
dow C:/proj_HoloFrame/fpga/NexysVideo_HDMI/proj/HDMI.sdk/MixHDMI/Debug/MixHDMI.elf
----------------End of Script----------------

22:05:17 INFO  : 'targets -set -filter {jtag_cable_name =~ "Digilent Nexys Video 210276689739B" && level==0} -index 0' command is executed.
22:05:17 INFO  : 'fpga -state' command is executed.
22:05:17 INFO  : Connected to target on host '127.0.0.1' and port '3121'.
22:05:17 INFO  : Jtag cable 'Digilent Nexys Video 210276689739B' is selected.
22:05:17 INFO  : 'jtag frequency' command is executed.
22:05:17 INFO  : Context for processor 'microblaze_i0' is selected.
22:05:17 INFO  : System reset is completed.
22:05:20 INFO  : 'after 3000' command is executed.
22:05:20 INFO  : Context for processor 'microblaze_i0' is selected.
22:05:20 ERROR : Cannot stop MicroBlaze. MicroBlaze is held in reset
22:05:20 INFO  : ----------------XSDB Script----------------
connect -url tcp:127.0.0.1:3121
targets -set -nocase -filter {name =~ "microblaze*#0" && bscan=="USER2"  && jtag_cable_name =~ "Digilent Nexys Video 210276689739B"} -index 0
rst -system
after 3000
targets -set -nocase -filter {name =~ "microblaze*#0" && bscan=="USER2"  && jtag_cable_name =~ "Digilent Nexys Video 210276689739B"} -index 0
dow C:/proj_HoloFrame/fpga/NexysVideo_HDMI/proj/HDMI.sdk/MixHDMI/Debug/MixHDMI.elf
----------------End of Script----------------

13:08:46 INFO  : Launching XSCT server: xsct.bat -interactive C:\proj_HoloFrame\fpga\NexysVideo_HDMI\proj\HDMI.sdk\temp_xsdb_launch_script.tcl
13:08:48 INFO  : XSCT server has started successfully.
13:08:48 INFO  : Successfully done setting XSCT server connection channel  
13:08:48 INFO  : Successfully done setting SDK workspace  
13:08:50 INFO  : Registering command handlers for SDK TCF services
13:08:50 INFO  : Processing command line option -hwspec C:/proj_HoloFrame/fpga/NexysVideo_HDMI/proj/HDMI.sdk/TOP.hdf.
13:08:51 INFO  : Checking for hwspec changes in the project TOP_hw_platform_0.
13:09:21 INFO  : Launching XSCT server: xsct.bat -interactive C:\proj_HoloFrame\fpga\NexysVideo_HDMI\proj\HDMI.sdk\temp_xsdb_launch_script.tcl
13:09:23 INFO  : XSCT server has started successfully.
13:09:23 INFO  : Successfully done setting XSCT server connection channel  
13:09:23 INFO  : Successfully done setting SDK workspace  
13:09:26 INFO  : Registering command handlers for SDK TCF services
13:09:26 INFO  : Processing command line option -hwspec C:/proj_HoloFrame/fpga/NexysVideo_HDMI/proj/HDMI.sdk/TOP.hdf.
13:09:26 INFO  : Checking for hwspec changes in the project TOP_hw_platform_0.
13:09:26 INFO  : SDK has detected change in the last modified timestamps for source hardware specification file Source:1553528581695,  Project:1553513161318
13:09:26 INFO  : The hardware specification for project 'TOP_hw_platform_0' is different from C:/proj_HoloFrame/fpga/NexysVideo_HDMI/proj/HDMI.sdk/TOP.hdf.
13:09:26 INFO  : Copied contents of C:/proj_HoloFrame/fpga/NexysVideo_HDMI/proj/HDMI.sdk/TOP.hdf into \TOP_hw_platform_0\system.hdf.
13:09:27 INFO  : Synchronizing projects in the workspace with the hardware platform specification changes.
13:09:35 INFO  : 
13:09:37 INFO  : Updating hardware inferred compiler options for MixHDMI.
13:09:37 INFO  : Clearing existing target manager status.
13:09:37 WARN  : Given IPC port value is invalid. Using default port 2350
13:09:37 WARN  : Given XMD timeout value is invalid. Using default value of 50000
13:09:39 WARN  : Given XMD transaction timeout value is invalid. Using default value of 60000 milli seconds
13:09:39 INFO  : Closing and re-opening the MSS file of ther project MixHDMI_bsp
13:09:39 INFO  : Workspace synchronized with the new hardware specification file. Cleaning dependent projects...
13:09:40 WARN  : Linker script will not be updated automatically. Users need to update it manually.
13:09:56 INFO  : Connected to target on host '127.0.0.1' and port '3121'.
13:09:56 INFO  : Jtag cable 'Digilent Nexys Video 210276689739B' is selected.
13:09:56 INFO  : 'jtag frequency' command is executed.
13:09:56 INFO  : 'targets -set -filter {jtag_cable_name =~ "Digilent Nexys Video 210276689739B" && level==0} -index 0' command is executed.
13:10:02 INFO  : FPGA configured successfully with bitstream "C:/proj_HoloFrame/fpga/NexysVideo_HDMI/proj/HDMI.sdk/TOP_hw_platform_0/TOP.bit"
13:10:02 INFO  : Context for processor 'microblaze_i0' is selected.
13:10:02 INFO  : System reset is completed.
13:10:05 INFO  : 'after 3000' command is executed.
13:10:05 INFO  : Context for processor 'microblaze_i0' is selected.
13:10:06 INFO  : The application 'C:/proj_HoloFrame/fpga/NexysVideo_HDMI/proj/HDMI.sdk/MixHDMI/Debug/MixHDMI.elf' is downloaded to processor 'microblaze_i0'.
13:10:06 INFO  : ----------------XSDB Script----------------
connect -url tcp:127.0.0.1:3121
targets -set -filter {jtag_cable_name =~ "Digilent Nexys Video 210276689739B" && level==0} -index 0
fpga -file C:/proj_HoloFrame/fpga/NexysVideo_HDMI/proj/HDMI.sdk/TOP_hw_platform_0/TOP.bit
targets -set -nocase -filter {name =~ "microblaze*#0" && bscan=="USER2"  && jtag_cable_name =~ "Digilent Nexys Video 210276689739B"} -index 0
rst -system
after 3000
targets -set -nocase -filter {name =~ "microblaze*#0" && bscan=="USER2"  && jtag_cable_name =~ "Digilent Nexys Video 210276689739B"} -index 0
dow C:/proj_HoloFrame/fpga/NexysVideo_HDMI/proj/HDMI.sdk/MixHDMI/Debug/MixHDMI.elf
----------------End of Script----------------

13:10:07 INFO  : Memory regions updated for context MicroBlaze #0
13:10:07 INFO  : Memory regions updated for context MicroBlaze #0
13:10:07 INFO  : Context for processor 'microblaze_i0' is selected.
13:10:07 INFO  : 'con' command is executed.
13:10:07 INFO  : ----------------XSDB Script (After Launch)----------------
targets -set -nocase -filter {name =~ "microblaze*#0" && bscan=="USER2"  && jtag_cable_name =~ "Digilent Nexys Video 210276689739B"} -index 0
con
----------------End of Script----------------

13:10:07 INFO  : Launch script is exported to file 'C:\proj_HoloFrame\fpga\NexysVideo_HDMI\proj\HDMI.sdk\.sdk\launch_scripts\xilinx_c-c++_application_(system_debugger)\system_debugger_using_debug_mixhdmi.elf_on_local.tcl'
13:15:36 INFO  : Disconnected from the channel tcfchan#1.
13:15:40 INFO  : Connected to target on host '127.0.0.1' and port '3121'.
13:15:40 INFO  : Jtag cable 'Digilent Nexys Video 210276689739B' is selected.
13:15:40 INFO  : 'jtag frequency' command is executed.
13:15:41 INFO  : 'targets -set -filter {jtag_cable_name =~ "Digilent Nexys Video 210276689739B" && level==0} -index 0' command is executed.
13:15:46 INFO  : FPGA configured successfully with bitstream "C:/proj_HoloFrame/fpga/NexysVideo_HDMI/proj/HDMI.sdk/TOP_hw_platform_0/TOP.bit"
13:15:46 INFO  : Context for processor 'microblaze_i0' is selected.
13:15:46 INFO  : System reset is completed.
13:15:49 INFO  : 'after 3000' command is executed.
13:15:49 INFO  : Context for processor 'microblaze_i0' is selected.
13:15:51 INFO  : The application 'C:/proj_HoloFrame/fpga/NexysVideo_HDMI/proj/HDMI.sdk/MixHDMI/Debug/MixHDMI.elf' is downloaded to processor 'microblaze_i0'.
13:15:51 INFO  : ----------------XSDB Script----------------
connect -url tcp:127.0.0.1:3121
targets -set -filter {jtag_cable_name =~ "Digilent Nexys Video 210276689739B" && level==0} -index 0
fpga -file C:/proj_HoloFrame/fpga/NexysVideo_HDMI/proj/HDMI.sdk/TOP_hw_platform_0/TOP.bit
targets -set -nocase -filter {name =~ "microblaze*#0" && bscan=="USER2"  && jtag_cable_name =~ "Digilent Nexys Video 210276689739B"} -index 0
rst -system
after 3000
targets -set -nocase -filter {name =~ "microblaze*#0" && bscan=="USER2"  && jtag_cable_name =~ "Digilent Nexys Video 210276689739B"} -index 0
dow C:/proj_HoloFrame/fpga/NexysVideo_HDMI/proj/HDMI.sdk/MixHDMI/Debug/MixHDMI.elf
----------------End of Script----------------

13:15:51 INFO  : Memory regions updated for context MicroBlaze #0
13:15:51 INFO  : Memory regions updated for context MicroBlaze #0
13:15:51 INFO  : Context for processor 'microblaze_i0' is selected.
13:15:51 INFO  : 'con' command is executed.
13:15:51 INFO  : ----------------XSDB Script (After Launch)----------------
targets -set -nocase -filter {name =~ "microblaze*#0" && bscan=="USER2"  && jtag_cable_name =~ "Digilent Nexys Video 210276689739B"} -index 0
con
----------------End of Script----------------

13:15:51 INFO  : Launch script is exported to file 'C:\proj_HoloFrame\fpga\NexysVideo_HDMI\proj\HDMI.sdk\.sdk\launch_scripts\xilinx_c-c++_application_(system_debugger)\system_debugger_using_debug_mixhdmi.elf_on_local.tcl'
13:20:49 INFO  : Disconnected from the channel tcfchan#2.
13:20:52 ERROR : Unexpected error while parsing XMD response ?: com.google.gson.JsonSyntaxException: com.google.gson.stream.MalformedJsonException: invalid number or unquoted string near 
