
*** Running vivado
    with args -log hdmi_wrapper.vdi -applog -m64 -product Vivado -messageDb vivado.pb -mode batch -source hdmi_wrapper.tcl -notrace


****** Vivado v2017.4 (64-bit)
  **** SW Build 2086221 on Fri Dec 15 20:55:39 MST 2017
  **** IP Build 2085800 on Fri Dec 15 22:25:07 MST 2017
    ** Copyright 1986-2017 Xilinx, Inc. All Rights Reserved.

source hdmi_wrapper.tcl -notrace
INFO: [IP_Flow 19-234] Refreshing IP repositories
INFO: [IP_Flow 19-1700] Loaded user IP repository 'c:/proj_HoloFrame/fpga/NexysVideo_HDMI/repo'.
INFO: [IP_Flow 19-2313] Loaded Vivado IP repository 'C:/Xilinx/Vivado/2017.4/data/ip'.
add_files: Time (s): cpu = 00:00:08 ; elapsed = 00:00:09 . Memory (MB): peak = 386.820 ; gain = 95.172
Command: link_design -top hdmi_wrapper -part xc7a200tsbg484-1
Design is defaulting to srcset: sources_1
Design is defaulting to constrset: constrs_1
INFO: [Netlist 29-17] Analyzing 2654 Unisim elements for replacement
INFO: [Netlist 29-28] Unisim Transformation completed in 1 CPU seconds
INFO: [Project 1-479] Netlist was created with Vivado 2017.4
INFO: [Device 21-403] Loading part xc7a200tsbg484-1
INFO: [Project 1-570] Preparing netlist for logic optimization
Parsing XDC File [c:/proj_HoloFrame/fpga/NexysVideo_HDMI/src/bd/hdmi/ip/hdmi_axi_gpio_video_0/hdmi_axi_gpio_video_0_board.xdc] for cell 'hdmi_i/axi_gpio_video/U0'
Finished Parsing XDC File [c:/proj_HoloFrame/fpga/NexysVideo_HDMI/src/bd/hdmi/ip/hdmi_axi_gpio_video_0/hdmi_axi_gpio_video_0_board.xdc] for cell 'hdmi_i/axi_gpio_video/U0'
Parsing XDC File [c:/proj_HoloFrame/fpga/NexysVideo_HDMI/src/bd/hdmi/ip/hdmi_axi_gpio_video_0/hdmi_axi_gpio_video_0.xdc] for cell 'hdmi_i/axi_gpio_video/U0'
Finished Parsing XDC File [c:/proj_HoloFrame/fpga/NexysVideo_HDMI/src/bd/hdmi/ip/hdmi_axi_gpio_video_0/hdmi_axi_gpio_video_0.xdc] for cell 'hdmi_i/axi_gpio_video/U0'
Parsing XDC File [c:/proj_HoloFrame/fpga/NexysVideo_HDMI/src/bd/hdmi/ip/hdmi_axi_timer_0_0/hdmi_axi_timer_0_0.xdc] for cell 'hdmi_i/axi_timer_i0/U0'
Finished Parsing XDC File [c:/proj_HoloFrame/fpga/NexysVideo_HDMI/src/bd/hdmi/ip/hdmi_axi_timer_0_0/hdmi_axi_timer_0_0.xdc] for cell 'hdmi_i/axi_timer_i0/U0'
Parsing XDC File [c:/proj_HoloFrame/fpga/NexysVideo_HDMI/src/bd/hdmi/ip/hdmi_axi_uartlite_0_0/hdmi_axi_uartlite_0_0_board.xdc] for cell 'hdmi_i/axi_uartlite_i0/U0'
Finished Parsing XDC File [c:/proj_HoloFrame/fpga/NexysVideo_HDMI/src/bd/hdmi/ip/hdmi_axi_uartlite_0_0/hdmi_axi_uartlite_0_0_board.xdc] for cell 'hdmi_i/axi_uartlite_i0/U0'
Parsing XDC File [c:/proj_HoloFrame/fpga/NexysVideo_HDMI/src/bd/hdmi/ip/hdmi_axi_uartlite_0_0/hdmi_axi_uartlite_0_0.xdc] for cell 'hdmi_i/axi_uartlite_i0/U0'
Finished Parsing XDC File [c:/proj_HoloFrame/fpga/NexysVideo_HDMI/src/bd/hdmi/ip/hdmi_axi_uartlite_0_0/hdmi_axi_uartlite_0_0.xdc] for cell 'hdmi_i/axi_uartlite_i0/U0'
Parsing XDC File [c:/proj_HoloFrame/fpga/NexysVideo_HDMI/src/bd/hdmi/ip/hdmi_axi_vdma_0_0/hdmi_axi_vdma_0_0.xdc] for cell 'hdmi_i/vdma_i0/U0'
Finished Parsing XDC File [c:/proj_HoloFrame/fpga/NexysVideo_HDMI/src/bd/hdmi/ip/hdmi_axi_vdma_0_0/hdmi_axi_vdma_0_0.xdc] for cell 'hdmi_i/vdma_i0/U0'
Parsing XDC File [c:/proj_HoloFrame/fpga/NexysVideo_HDMI/src/bd/hdmi/ip/hdmi_dvi2rgb_0_0/src/dvi2rgb.xdc] for cell 'hdmi_i/dvi2rgb_i0/U0'
Finished Parsing XDC File [c:/proj_HoloFrame/fpga/NexysVideo_HDMI/src/bd/hdmi/ip/hdmi_dvi2rgb_0_0/src/dvi2rgb.xdc] for cell 'hdmi_i/dvi2rgb_i0/U0'
Parsing XDC File [c:/proj_HoloFrame/fpga/NexysVideo_HDMI/src/bd/hdmi/ip/hdmi_mdm_1_0/hdmi_mdm_1_0.xdc] for cell 'hdmi_i/mdm_1/U0'
INFO: [Timing 38-35] Done setting XDC timing constraints. [c:/proj_HoloFrame/fpga/NexysVideo_HDMI/src/bd/hdmi/ip/hdmi_mdm_1_0/hdmi_mdm_1_0.xdc:50]
get_clocks: Time (s): cpu = 00:00:15 ; elapsed = 00:00:14 . Memory (MB): peak = 1693.324 ; gain = 614.738
Finished Parsing XDC File [c:/proj_HoloFrame/fpga/NexysVideo_HDMI/src/bd/hdmi/ip/hdmi_mdm_1_0/hdmi_mdm_1_0.xdc] for cell 'hdmi_i/mdm_1/U0'
Parsing XDC File [c:/proj_HoloFrame/fpga/NexysVideo_HDMI/src/bd/hdmi/ip/hdmi_microblaze_0_0/hdmi_microblaze_0_0.xdc] for cell 'hdmi_i/microblaze_i0/U0'
Finished Parsing XDC File [c:/proj_HoloFrame/fpga/NexysVideo_HDMI/src/bd/hdmi/ip/hdmi_microblaze_0_0/hdmi_microblaze_0_0.xdc] for cell 'hdmi_i/microblaze_i0/U0'
Parsing XDC File [c:/proj_HoloFrame/fpga/NexysVideo_HDMI/src/bd/hdmi/ip/hdmi_microblaze_0_axi_intc_0/hdmi_microblaze_0_axi_intc_0.xdc] for cell 'hdmi_i/axi_intc_i0/U0'
Finished Parsing XDC File [c:/proj_HoloFrame/fpga/NexysVideo_HDMI/src/bd/hdmi/ip/hdmi_microblaze_0_axi_intc_0/hdmi_microblaze_0_axi_intc_0.xdc] for cell 'hdmi_i/axi_intc_i0/U0'
Parsing XDC File [c:/proj_HoloFrame/fpga/NexysVideo_HDMI/src/bd/hdmi/ip/hdmi_dlmb_v10_0/hdmi_dlmb_v10_0.xdc] for cell 'hdmi_i/local_memory/dlmb_v10/U0'
Finished Parsing XDC File [c:/proj_HoloFrame/fpga/NexysVideo_HDMI/src/bd/hdmi/ip/hdmi_dlmb_v10_0/hdmi_dlmb_v10_0.xdc] for cell 'hdmi_i/local_memory/dlmb_v10/U0'
Parsing XDC File [c:/proj_HoloFrame/fpga/NexysVideo_HDMI/src/bd/hdmi/ip/hdmi_ilmb_v10_0/hdmi_ilmb_v10_0.xdc] for cell 'hdmi_i/local_memory/ilmb_v10/U0'
Finished Parsing XDC File [c:/proj_HoloFrame/fpga/NexysVideo_HDMI/src/bd/hdmi/ip/hdmi_ilmb_v10_0/hdmi_ilmb_v10_0.xdc] for cell 'hdmi_i/local_memory/ilmb_v10/U0'
Parsing XDC File [c:/proj_HoloFrame/fpga/NexysVideo_HDMI/src/bd/hdmi/ip/hdmi_mig_7series_0_0/hdmi_mig_7series_0_0/user_design/constraints/hdmi_mig_7series_0_0.xdc] for cell 'hdmi_i/mig_i0'
WARNING: [Vivado 12-4777] Setting CLOCK_DEDICATED_ROUTE constraint on the PARENT net instead of the specified net segment (net name: hdmi_i/mig_i0/sys_clk_i). Placer only honors CLOCK_DEDICATED_ROUTE when set on the PARENT net, e.g. net segment directly connected to the driver. To eliminate this message, please update your constraint to specify the PARENT net instead. [c:/proj_HoloFrame/fpga/NexysVideo_HDMI/src/bd/hdmi/ip/hdmi_mig_7series_0_0/hdmi_mig_7series_0_0/user_design/constraints/hdmi_mig_7series_0_0.xdc:40]
Finished Parsing XDC File [c:/proj_HoloFrame/fpga/NexysVideo_HDMI/src/bd/hdmi/ip/hdmi_mig_7series_0_0/hdmi_mig_7series_0_0/user_design/constraints/hdmi_mig_7series_0_0.xdc] for cell 'hdmi_i/mig_i0'
Parsing XDC File [c:/proj_HoloFrame/fpga/NexysVideo_HDMI/src/bd/hdmi/ip/hdmi_mig_7series_0_0/hdmi_mig_7series_0_0_board.xdc] for cell 'hdmi_i/mig_i0'
Finished Parsing XDC File [c:/proj_HoloFrame/fpga/NexysVideo_HDMI/src/bd/hdmi/ip/hdmi_mig_7series_0_0/hdmi_mig_7series_0_0_board.xdc] for cell 'hdmi_i/mig_i0'
Parsing XDC File [c:/proj_HoloFrame/fpga/NexysVideo_HDMI/src/bd/hdmi/ip/hdmi_rgb2dvi_0_0/src/rgb2dvi.xdc] for cell 'hdmi_i/rgb2dvi_i0/U0'
Finished Parsing XDC File [c:/proj_HoloFrame/fpga/NexysVideo_HDMI/src/bd/hdmi/ip/hdmi_rgb2dvi_0_0/src/rgb2dvi.xdc] for cell 'hdmi_i/rgb2dvi_i0/U0'
Parsing XDC File [c:/proj_HoloFrame/fpga/NexysVideo_HDMI/src/bd/hdmi/ip/hdmi_rst_mig_7series_0_100M_0/hdmi_rst_mig_7series_0_100M_0_board.xdc] for cell 'hdmi_i/rst_mig_7series_0_100M/U0'
Finished Parsing XDC File [c:/proj_HoloFrame/fpga/NexysVideo_HDMI/src/bd/hdmi/ip/hdmi_rst_mig_7series_0_100M_0/hdmi_rst_mig_7series_0_100M_0_board.xdc] for cell 'hdmi_i/rst_mig_7series_0_100M/U0'
Parsing XDC File [c:/proj_HoloFrame/fpga/NexysVideo_HDMI/src/bd/hdmi/ip/hdmi_rst_mig_7series_0_100M_0/hdmi_rst_mig_7series_0_100M_0.xdc] for cell 'hdmi_i/rst_mig_7series_0_100M/U0'
Finished Parsing XDC File [c:/proj_HoloFrame/fpga/NexysVideo_HDMI/src/bd/hdmi/ip/hdmi_rst_mig_7series_0_100M_0/hdmi_rst_mig_7series_0_100M_0.xdc] for cell 'hdmi_i/rst_mig_7series_0_100M/U0'
Parsing XDC File [c:/proj_HoloFrame/fpga/NexysVideo_HDMI/src/bd/hdmi/ip/hdmi_rst_mig_7series_0_pxl_0/hdmi_rst_mig_7series_0_pxl_0_board.xdc] for cell 'hdmi_i/rst_mig_7series_0_pxl/U0'
Finished Parsing XDC File [c:/proj_HoloFrame/fpga/NexysVideo_HDMI/src/bd/hdmi/ip/hdmi_rst_mig_7series_0_pxl_0/hdmi_rst_mig_7series_0_pxl_0_board.xdc] for cell 'hdmi_i/rst_mig_7series_0_pxl/U0'
Parsing XDC File [c:/proj_HoloFrame/fpga/NexysVideo_HDMI/src/bd/hdmi/ip/hdmi_rst_mig_7series_0_pxl_0/hdmi_rst_mig_7series_0_pxl_0.xdc] for cell 'hdmi_i/rst_mig_7series_0_pxl/U0'
Finished Parsing XDC File [c:/proj_HoloFrame/fpga/NexysVideo_HDMI/src/bd/hdmi/ip/hdmi_rst_mig_7series_0_pxl_0/hdmi_rst_mig_7series_0_pxl_0.xdc] for cell 'hdmi_i/rst_mig_7series_0_pxl/U0'
Parsing XDC File [C:/proj_HoloFrame/fpga/NexysVideo_HDMI/src/constraints/NexysVideo_Master.xdc]
Finished Parsing XDC File [C:/proj_HoloFrame/fpga/NexysVideo_HDMI/src/constraints/NexysVideo_Master.xdc]
Parsing XDC File [c:/proj_HoloFrame/fpga/NexysVideo_HDMI/src/bd/hdmi/ip/hdmi_axi_vdma_0_0/hdmi_axi_vdma_0_0_clocks.xdc] for cell 'hdmi_i/vdma_i0/U0'
Finished Parsing XDC File [c:/proj_HoloFrame/fpga/NexysVideo_HDMI/src/bd/hdmi/ip/hdmi_axi_vdma_0_0/hdmi_axi_vdma_0_0_clocks.xdc] for cell 'hdmi_i/vdma_i0/U0'
Parsing XDC File [c:/proj_HoloFrame/fpga/NexysVideo_HDMI/src/bd/hdmi/ip/hdmi_microblaze_0_axi_intc_0/hdmi_microblaze_0_axi_intc_0_clocks.xdc] for cell 'hdmi_i/axi_intc_i0/U0'
Finished Parsing XDC File [c:/proj_HoloFrame/fpga/NexysVideo_HDMI/src/bd/hdmi/ip/hdmi_microblaze_0_axi_intc_0/hdmi_microblaze_0_axi_intc_0_clocks.xdc] for cell 'hdmi_i/axi_intc_i0/U0'
Parsing XDC File [c:/proj_HoloFrame/fpga/NexysVideo_HDMI/src/bd/hdmi/ip/hdmi_rgb2dvi_0_0/src/rgb2dvi_clocks.xdc] for cell 'hdmi_i/rgb2dvi_i0/U0'
Finished Parsing XDC File [c:/proj_HoloFrame/fpga/NexysVideo_HDMI/src/bd/hdmi/ip/hdmi_rgb2dvi_0_0/src/rgb2dvi_clocks.xdc] for cell 'hdmi_i/rgb2dvi_i0/U0'
Parsing XDC File [c:/proj_HoloFrame/fpga/NexysVideo_HDMI/src/bd/hdmi/ip/hdmi_v_axi4s_vid_out_0_0/hdmi_v_axi4s_vid_out_0_0_clocks.xdc] for cell 'hdmi_i/v_axi4s_vid_out_0/inst'
Finished Parsing XDC File [c:/proj_HoloFrame/fpga/NexysVideo_HDMI/src/bd/hdmi/ip/hdmi_v_axi4s_vid_out_0_0/hdmi_v_axi4s_vid_out_0_0_clocks.xdc] for cell 'hdmi_i/v_axi4s_vid_out_0/inst'
Parsing XDC File [c:/proj_HoloFrame/fpga/NexysVideo_HDMI/src/bd/hdmi/ip/hdmi_v_tc_0_0/hdmi_v_tc_0_0_clocks.xdc] for cell 'hdmi_i/vtimctrl_i0/U0'
INFO: [Timing 38-2] Deriving generated clocks [c:/proj_HoloFrame/fpga/NexysVideo_HDMI/src/bd/hdmi/ip/hdmi_v_tc_0_0/hdmi_v_tc_0_0_clocks.xdc:2]
Finished Parsing XDC File [c:/proj_HoloFrame/fpga/NexysVideo_HDMI/src/bd/hdmi/ip/hdmi_v_tc_0_0/hdmi_v_tc_0_0_clocks.xdc] for cell 'hdmi_i/vtimctrl_i0/U0'
Parsing XDC File [c:/proj_HoloFrame/fpga/NexysVideo_HDMI/src/bd/hdmi/ip/hdmi_v_tc_1_0/hdmi_v_tc_1_0_clocks.xdc] for cell 'hdmi_i/vtimctrl_i1/U0'
Finished Parsing XDC File [c:/proj_HoloFrame/fpga/NexysVideo_HDMI/src/bd/hdmi/ip/hdmi_v_tc_1_0/hdmi_v_tc_1_0_clocks.xdc] for cell 'hdmi_i/vtimctrl_i1/U0'
Parsing XDC File [c:/proj_HoloFrame/fpga/NexysVideo_HDMI/src/bd/hdmi/ip/hdmi_v_vid_in_axi4s_0_0/hdmi_v_vid_in_axi4s_0_0_clocks.xdc] for cell 'hdmi_i/v_vid_in_axi4s_0/inst'
Finished Parsing XDC File [c:/proj_HoloFrame/fpga/NexysVideo_HDMI/src/bd/hdmi/ip/hdmi_v_vid_in_axi4s_0_0/hdmi_v_vid_in_axi4s_0_0_clocks.xdc] for cell 'hdmi_i/v_vid_in_axi4s_0/inst'
Parsing XDC File [c:/proj_HoloFrame/fpga/NexysVideo_HDMI/src/bd/hdmi/ip/hdmi_auto_ds_0/hdmi_auto_ds_0_clocks.xdc] for cell 'hdmi_i/axi_interconn_i1/m00_couplers/auto_ds/inst'
Finished Parsing XDC File [c:/proj_HoloFrame/fpga/NexysVideo_HDMI/src/bd/hdmi/ip/hdmi_auto_ds_0/hdmi_auto_ds_0_clocks.xdc] for cell 'hdmi_i/axi_interconn_i1/m00_couplers/auto_ds/inst'
Parsing XDC File [c:/proj_HoloFrame/fpga/NexysVideo_HDMI/src/bd/hdmi/ip/hdmi_auto_us_1/hdmi_auto_us_1_clocks.xdc] for cell 'hdmi_i/axi_interconn_i1/s01_couplers/auto_us/inst'
Finished Parsing XDC File [c:/proj_HoloFrame/fpga/NexysVideo_HDMI/src/bd/hdmi/ip/hdmi_auto_us_1/hdmi_auto_us_1_clocks.xdc] for cell 'hdmi_i/axi_interconn_i1/s01_couplers/auto_us/inst'
Parsing XDC File [c:/proj_HoloFrame/fpga/NexysVideo_HDMI/src/bd/hdmi/ip/hdmi_auto_us_0/hdmi_auto_us_0_clocks.xdc] for cell 'hdmi_i/axi_interconn_i1/s00_couplers/auto_us/inst'
Finished Parsing XDC File [c:/proj_HoloFrame/fpga/NexysVideo_HDMI/src/bd/hdmi/ip/hdmi_auto_us_0/hdmi_auto_us_0_clocks.xdc] for cell 'hdmi_i/axi_interconn_i1/s00_couplers/auto_us/inst'
Sourcing Tcl File [C:/Xilinx/Vivado/2017.4/data/ip/xpm/xpm_cdc/tcl/xpm_cdc_async_rst.tcl] for cell 'hdmi_i/axi_interconn_i1/m00_couplers/auto_ds/inst/gen_downsizer.gen_simple_downsizer.axi_downsizer_inst/USE_WRITE.write_addr_inst/USE_B_CHANNEL.cmd_b_queue/inst/fifo_gen_inst/inst_fifo_gen/gconvfifo.rf/grf.rf/rstblk/ngwrdrst.grst.g7serrst.gnsckt_wrst.rst_wr_reg2_inst'
Finished Sourcing Tcl File [C:/Xilinx/Vivado/2017.4/data/ip/xpm/xpm_cdc/tcl/xpm_cdc_async_rst.tcl] for cell 'hdmi_i/axi_interconn_i1/m00_couplers/auto_ds/inst/gen_downsizer.gen_simple_downsizer.axi_downsizer_inst/USE_WRITE.write_addr_inst/USE_B_CHANNEL.cmd_b_queue/inst/fifo_gen_inst/inst_fifo_gen/gconvfifo.rf/grf.rf/rstblk/ngwrdrst.grst.g7serrst.gnsckt_wrst.rst_wr_reg2_inst'
Sourcing Tcl File [C:/Xilinx/Vivado/2017.4/data/ip/xpm/xpm_cdc/tcl/xpm_cdc_async_rst.tcl] for cell 'hdmi_i/axi_interconn_i1/m00_couplers/auto_ds/inst/gen_downsizer.gen_simple_downsizer.axi_downsizer_inst/USE_READ.read_addr_inst/cmd_queue/inst/fifo_gen_inst/inst_fifo_gen/gconvfifo.rf/grf.rf/rstblk/ngwrdrst.grst.g7serrst.gnsckt_wrst.rst_wr_reg2_inst'
Finished Sourcing Tcl File [C:/Xilinx/Vivado/2017.4/data/ip/xpm/xpm_cdc/tcl/xpm_cdc_async_rst.tcl] for cell 'hdmi_i/axi_interconn_i1/m00_couplers/auto_ds/inst/gen_downsizer.gen_simple_downsizer.axi_downsizer_inst/USE_READ.read_addr_inst/cmd_queue/inst/fifo_gen_inst/inst_fifo_gen/gconvfifo.rf/grf.rf/rstblk/ngwrdrst.grst.g7serrst.gnsckt_wrst.rst_wr_reg2_inst'
Sourcing Tcl File [C:/Xilinx/Vivado/2017.4/data/ip/xpm/xpm_cdc/tcl/xpm_cdc_async_rst.tcl] for cell 'hdmi_i/axi_interconn_i1/m00_couplers/auto_ds/inst/gen_downsizer.gen_simple_downsizer.axi_downsizer_inst/USE_WRITE.write_addr_inst/cmd_queue/inst/fifo_gen_inst/inst_fifo_gen/gconvfifo.rf/grf.rf/rstblk/ngwrdrst.grst.g7serrst.gnsckt_wrst.rst_wr_reg2_inst'
Finished Sourcing Tcl File [C:/Xilinx/Vivado/2017.4/data/ip/xpm/xpm_cdc/tcl/xpm_cdc_async_rst.tcl] for cell 'hdmi_i/axi_interconn_i1/m00_couplers/auto_ds/inst/gen_downsizer.gen_simple_downsizer.axi_downsizer_inst/USE_WRITE.write_addr_inst/cmd_queue/inst/fifo_gen_inst/inst_fifo_gen/gconvfifo.rf/grf.rf/rstblk/ngwrdrst.grst.g7serrst.gnsckt_wrst.rst_wr_reg2_inst'
Sourcing Tcl File [C:/Xilinx/Vivado/2017.4/data/ip/xpm/xpm_cdc/tcl/xpm_cdc_gray.tcl] for cell 'hdmi_i/v_vid_in_axi4s_0/inst/COUPLER_INST/generate_async_fifo.FIFO_INST/XPM_FIFO_ASYNC_INST/gnuram_async_fifo.xpm_fifo_base_inst/gen_cdc_pntr.rd_pntr_cdc_inst'
Finished Sourcing Tcl File [C:/Xilinx/Vivado/2017.4/data/ip/xpm/xpm_cdc/tcl/xpm_cdc_gray.tcl] for cell 'hdmi_i/v_vid_in_axi4s_0/inst/COUPLER_INST/generate_async_fifo.FIFO_INST/XPM_FIFO_ASYNC_INST/gnuram_async_fifo.xpm_fifo_base_inst/gen_cdc_pntr.rd_pntr_cdc_inst'
Sourcing Tcl File [C:/Xilinx/Vivado/2017.4/data/ip/xpm/xpm_cdc/tcl/xpm_cdc_gray.tcl] for cell 'hdmi_i/v_vid_in_axi4s_0/inst/COUPLER_INST/generate_async_fifo.FIFO_INST/XPM_FIFO_ASYNC_INST/gnuram_async_fifo.xpm_fifo_base_inst/gen_cdc_pntr.wr_pntr_cdc_inst'
Finished Sourcing Tcl File [C:/Xilinx/Vivado/2017.4/data/ip/xpm/xpm_cdc/tcl/xpm_cdc_gray.tcl] for cell 'hdmi_i/v_vid_in_axi4s_0/inst/COUPLER_INST/generate_async_fifo.FIFO_INST/XPM_FIFO_ASYNC_INST/gnuram_async_fifo.xpm_fifo_base_inst/gen_cdc_pntr.wr_pntr_cdc_inst'
Sourcing Tcl File [C:/Xilinx/Vivado/2017.4/data/ip/xpm/xpm_cdc/tcl/xpm_cdc_gray.tcl] for cell 'hdmi_i/v_vid_in_axi4s_0/inst/COUPLER_INST/generate_async_fifo.FIFO_INST/XPM_FIFO_ASYNC_INST/gnuram_async_fifo.xpm_fifo_base_inst/gen_cdc_pntr.wr_pntr_cdc_dc_inst'
Finished Sourcing Tcl File [C:/Xilinx/Vivado/2017.4/data/ip/xpm/xpm_cdc/tcl/xpm_cdc_gray.tcl] for cell 'hdmi_i/v_vid_in_axi4s_0/inst/COUPLER_INST/generate_async_fifo.FIFO_INST/XPM_FIFO_ASYNC_INST/gnuram_async_fifo.xpm_fifo_base_inst/gen_cdc_pntr.wr_pntr_cdc_dc_inst'
Sourcing Tcl File [C:/Xilinx/Vivado/2017.4/data/ip/xpm/xpm_cdc/tcl/xpm_cdc_gray.tcl] for cell 'hdmi_i/v_vid_in_axi4s_0/inst/COUPLER_INST/generate_async_fifo.FIFO_INST/XPM_FIFO_ASYNC_INST/gnuram_async_fifo.xpm_fifo_base_inst/gen_cdc_pntr.rd_pntr_cdc_dc_inst'
Finished Sourcing Tcl File [C:/Xilinx/Vivado/2017.4/data/ip/xpm/xpm_cdc/tcl/xpm_cdc_gray.tcl] for cell 'hdmi_i/v_vid_in_axi4s_0/inst/COUPLER_INST/generate_async_fifo.FIFO_INST/XPM_FIFO_ASYNC_INST/gnuram_async_fifo.xpm_fifo_base_inst/gen_cdc_pntr.rd_pntr_cdc_dc_inst'
Sourcing Tcl File [C:/Xilinx/Vivado/2017.4/data/ip/xpm/xpm_cdc/tcl/xpm_cdc_single.tcl] for cell 'hdmi_i/v_axi4s_vid_out_0/inst/CDC_SINGLE_REMAP_UNDERFLOW_INST/xpm_cdc_single_inst'
Finished Sourcing Tcl File [C:/Xilinx/Vivado/2017.4/data/ip/xpm/xpm_cdc/tcl/xpm_cdc_single.tcl] for cell 'hdmi_i/v_axi4s_vid_out_0/inst/CDC_SINGLE_REMAP_UNDERFLOW_INST/xpm_cdc_single_inst'
Sourcing Tcl File [C:/Xilinx/Vivado/2017.4/data/ip/xpm/xpm_cdc/tcl/xpm_cdc_single.tcl] for cell 'hdmi_i/v_vid_in_axi4s_0/inst/CDC_SINGLE_REMAP_OVERFLOW_INST/xpm_cdc_single_inst'
Finished Sourcing Tcl File [C:/Xilinx/Vivado/2017.4/data/ip/xpm/xpm_cdc/tcl/xpm_cdc_single.tcl] for cell 'hdmi_i/v_vid_in_axi4s_0/inst/CDC_SINGLE_REMAP_OVERFLOW_INST/xpm_cdc_single_inst'
Sourcing Tcl File [C:/Xilinx/Vivado/2017.4/data/ip/xpm/xpm_cdc/tcl/xpm_cdc_single.tcl] for cell 'hdmi_i/v_vid_in_axi4s_0/inst/CDC_SINGLE_COUPLER_OVERFLOW_INST/xpm_cdc_single_inst'
Finished Sourcing Tcl File [C:/Xilinx/Vivado/2017.4/data/ip/xpm/xpm_cdc/tcl/xpm_cdc_single.tcl] for cell 'hdmi_i/v_vid_in_axi4s_0/inst/CDC_SINGLE_COUPLER_OVERFLOW_INST/xpm_cdc_single_inst'
Sourcing Tcl File [C:/Xilinx/Vivado/2017.4/data/ip/xpm/xpm_cdc/tcl/xpm_cdc_sync_rst.tcl] for cell 'hdmi_i/v_vid_in_axi4s_0/inst/COUPLER_INST/generate_async_fifo.FIFO_INST/XPM_FIFO_ASYNC_INST/gnuram_async_fifo.xpm_fifo_base_inst/xpm_fifo_rst_inst/gen_rst_ic.rrst_wr_inst'
Finished Sourcing Tcl File [C:/Xilinx/Vivado/2017.4/data/ip/xpm/xpm_cdc/tcl/xpm_cdc_sync_rst.tcl] for cell 'hdmi_i/v_vid_in_axi4s_0/inst/COUPLER_INST/generate_async_fifo.FIFO_INST/XPM_FIFO_ASYNC_INST/gnuram_async_fifo.xpm_fifo_base_inst/xpm_fifo_rst_inst/gen_rst_ic.rrst_wr_inst'
Sourcing Tcl File [C:/Xilinx/Vivado/2017.4/data/ip/xpm/xpm_cdc/tcl/xpm_cdc_sync_rst.tcl] for cell 'hdmi_i/v_vid_in_axi4s_0/inst/COUPLER_INST/generate_async_fifo.FIFO_INST/XPM_FIFO_ASYNC_INST/gnuram_async_fifo.xpm_fifo_base_inst/xpm_fifo_rst_inst/gen_rst_ic.wrst_rd_inst'
Finished Sourcing Tcl File [C:/Xilinx/Vivado/2017.4/data/ip/xpm/xpm_cdc/tcl/xpm_cdc_sync_rst.tcl] for cell 'hdmi_i/v_vid_in_axi4s_0/inst/COUPLER_INST/generate_async_fifo.FIFO_INST/XPM_FIFO_ASYNC_INST/gnuram_async_fifo.xpm_fifo_base_inst/xpm_fifo_rst_inst/gen_rst_ic.wrst_rd_inst'
Sourcing Tcl File [C:/Xilinx/Vivado/2017.4/data/ip/xpm/xpm_fifo/tcl/xpm_fifo_rst.tcl] for cell 'hdmi_i/v_axi4s_vid_out_0/inst/COUPLER_INST/generate_sync_fifo.FIFO_INST/XPM_FIFO_SYNC_INST/xpm_fifo_base_inst'
Finished Sourcing Tcl File [C:/Xilinx/Vivado/2017.4/data/ip/xpm/xpm_fifo/tcl/xpm_fifo_rst.tcl] for cell 'hdmi_i/v_axi4s_vid_out_0/inst/COUPLER_INST/generate_sync_fifo.FIFO_INST/XPM_FIFO_SYNC_INST/xpm_fifo_base_inst'
Sourcing Tcl File [C:/Xilinx/Vivado/2017.4/data/ip/xpm/xpm_fifo/tcl/xpm_fifo_rst.tcl] for cell 'hdmi_i/v_vid_in_axi4s_0/inst/COUPLER_INST/generate_async_fifo.FIFO_INST/XPM_FIFO_ASYNC_INST/gnuram_async_fifo.xpm_fifo_base_inst'
Finished Sourcing Tcl File [C:/Xilinx/Vivado/2017.4/data/ip/xpm/xpm_fifo/tcl/xpm_fifo_rst.tcl] for cell 'hdmi_i/v_vid_in_axi4s_0/inst/COUPLER_INST/generate_async_fifo.FIFO_INST/XPM_FIFO_ASYNC_INST/gnuram_async_fifo.xpm_fifo_base_inst'
Sourcing Tcl File [C:/Xilinx/Vivado/2017.4/data/ip/xpm/xpm_fifo/tcl/xpm_fifo_rst.tcl] for cell 'hdmi_i/vdma_i0/U0/I_PRMRY_DATAMOVER/GEN_MM2S_FULL.I_MM2S_FULL_WRAPPER/GEN_INCLUDE_MM2S_SF.I_RD_SF/I_DATA_FIFO/BLK_MEM.I_SYNC_FIFOGEN_FIFO/xpm_fifo_instance.xpm_fifo_sync_inst/xpm_fifo_base_inst'
Finished Sourcing Tcl File [C:/Xilinx/Vivado/2017.4/data/ip/xpm/xpm_fifo/tcl/xpm_fifo_rst.tcl] for cell 'hdmi_i/vdma_i0/U0/I_PRMRY_DATAMOVER/GEN_MM2S_FULL.I_MM2S_FULL_WRAPPER/GEN_INCLUDE_MM2S_SF.I_RD_SF/I_DATA_FIFO/BLK_MEM.I_SYNC_FIFOGEN_FIFO/xpm_fifo_instance.xpm_fifo_sync_inst/xpm_fifo_base_inst'
Sourcing Tcl File [C:/Xilinx/Vivado/2017.4/data/ip/xpm/xpm_fifo/tcl/xpm_fifo_rst.tcl] for cell 'hdmi_i/vdma_i0/U0/I_PRMRY_DATAMOVER/GEN_S2MM_FULL.I_S2MM_FULL_WRAPPER/GEN_ENABLE_INDET_BTT_SF.I_INDET_BTT/I_XD_FIFO/NON_BLK_MEM.I_SYNC_FIFOGEN_FIFO/xpm_fifo_instance.xpm_fifo_sync_inst/xpm_fifo_base_inst'
Finished Sourcing Tcl File [C:/Xilinx/Vivado/2017.4/data/ip/xpm/xpm_fifo/tcl/xpm_fifo_rst.tcl] for cell 'hdmi_i/vdma_i0/U0/I_PRMRY_DATAMOVER/GEN_S2MM_FULL.I_S2MM_FULL_WRAPPER/GEN_ENABLE_INDET_BTT_SF.I_INDET_BTT/I_XD_FIFO/NON_BLK_MEM.I_SYNC_FIFOGEN_FIFO/xpm_fifo_instance.xpm_fifo_sync_inst/xpm_fifo_base_inst'
Sourcing Tcl File [C:/Xilinx/Vivado/2017.4/data/ip/xpm/xpm_fifo/tcl/xpm_fifo_rst.tcl] for cell 'hdmi_i/vdma_i0/U0/I_PRMRY_DATAMOVER/GEN_S2MM_FULL.I_S2MM_FULL_WRAPPER/GEN_ENABLE_INDET_BTT_SF.I_INDET_BTT/I_DATA_FIFO/BLK_MEM.I_SYNC_FIFOGEN_FIFO/xpm_fifo_instance.xpm_fifo_sync_inst/xpm_fifo_base_inst'
Finished Sourcing Tcl File [C:/Xilinx/Vivado/2017.4/data/ip/xpm/xpm_fifo/tcl/xpm_fifo_rst.tcl] for cell 'hdmi_i/vdma_i0/U0/I_PRMRY_DATAMOVER/GEN_S2MM_FULL.I_S2MM_FULL_WRAPPER/GEN_ENABLE_INDET_BTT_SF.I_INDET_BTT/I_DATA_FIFO/BLK_MEM.I_SYNC_FIFOGEN_FIFO/xpm_fifo_instance.xpm_fifo_sync_inst/xpm_fifo_base_inst'
INFO: [Opt 31-138] Pushed 0 inverter(s) to 0 load pin(s).
Generating merged BMM file for the design top 'hdmi_wrapper'...
INFO: [Memdata 28-144] Successfully populated the BRAM INIT strings from the following elf files: c:/proj_HoloFrame/fpga/NexysVideo_HDMI/src/bd/hdmi/ip/hdmi_microblaze_0_0/data/mb_bootloop_le.elf 
INFO: [Project 1-111] Unisim Transformation Summary:
  A total of 808 instances were transformed.
  IOBUF => IOBUF (IBUF, OBUFT): 2 instances
  IOBUFDS_DIFF_OUT_INTERMDISABLE => IOBUFDS_DIFF_OUT_INTERMDISABLE (IBUFDS_INTERMDISABLE_INT, IBUFDS_INTERMDISABLE_INT, INV, OBUFTDS, OBUFTDS): 2 instances
  IOBUF_INTERMDISABLE => IOBUF_INTERMDISABLE (IBUF_INTERMDISABLE, OBUFT): 16 instances
  LUT6_2 => LUT6_2 (LUT5, LUT6): 64 instances
  OBUFDS => OBUFDS_DUAL_BUF (INV, OBUFDS, OBUFDS): 1 instances
  RAM16X1D => RAM32X1D (RAMD32, RAMD32): 32 instances
  RAM16X1S => RAM32X1S (RAMS32): 512 instances
  RAM32M => RAM32M (RAMD32, RAMD32, RAMD32, RAMD32, RAMD32, RAMD32, RAMS32, RAMS32): 179 instances

13 Infos, 1 Warnings, 0 Critical Warnings and 0 Errors encountered.
link_design completed successfully
link_design: Time (s): cpu = 00:00:44 ; elapsed = 00:00:46 . Memory (MB): peak = 1736.195 ; gain = 1349.375
Command: opt_design -directive RuntimeOptimized
INFO: [Vivado_Tcl 4-136] Directive used for opt_design is: RuntimeOptimized
Attempting to get a license for feature 'Implementation' and/or device 'xc7a200t'
INFO: [Common 17-349] Got license for feature 'Implementation' and/or device 'xc7a200t'
Running DRC as a precondition to command opt_design

Starting DRC Task
INFO: [DRC 23-27] Running DRC with 2 threads
INFO: [Project 1-461] DRC finished with 0 Errors
INFO: [Project 1-462] Please refer to the DRC report (report_drc) for more information.

Time (s): cpu = 00:00:03 ; elapsed = 00:00:01 . Memory (MB): peak = 1736.195 ; gain = 0.000

Starting Logic Optimization Task
INFO: [Timing 38-35] Done setting XDC timing constraints.

Phase 1 Retarget
INFO: [Opt 31-138] Pushed 50 inverter(s) to 351 load pin(s).
INFO: [Opt 31-49] Retargeted 0 cell(s).
Phase 1 Retarget | Checksum: 1fe379596

Time (s): cpu = 00:00:11 ; elapsed = 00:00:09 . Memory (MB): peak = 1736.195 ; gain = 0.000
INFO: [Opt 31-389] Phase Retarget created 670 cells and removed 1029 cells

Phase 2 Constant propagation
INFO: [Opt 31-138] Pushed 19 inverter(s) to 46 load pin(s).
Phase 2 Constant propagation | Checksum: 2257b1690

Time (s): cpu = 00:00:14 ; elapsed = 00:00:12 . Memory (MB): peak = 1736.195 ; gain = 0.000
INFO: [Opt 31-389] Phase Constant propagation created 1010 cells and removed 4199 cells

Phase 3 Sweep
Phase 3 Sweep | Checksum: 19dcfe83f

Time (s): cpu = 00:00:20 ; elapsed = 00:00:18 . Memory (MB): peak = 1736.195 ; gain = 0.000
INFO: [Opt 31-389] Phase Sweep created 0 cells and removed 5157 cells

Phase 4 BUFG optimization
Phase 4 BUFG optimization | Checksum: 19dcfe83f

Time (s): cpu = 00:00:21 ; elapsed = 00:00:19 . Memory (MB): peak = 1736.195 ; gain = 0.000
INFO: [Opt 31-389] Phase BUFG optimization created 0 cells and removed 0 cells

Phase 5 Shift Register Optimization
Phase 5 Shift Register Optimization | Checksum: 19dcfe83f

Time (s): cpu = 00:00:22 ; elapsed = 00:00:21 . Memory (MB): peak = 1736.195 ; gain = 0.000
INFO: [Opt 31-389] Phase Shift Register Optimization created 0 cells and removed 0 cells

Starting Connectivity Check Task

Time (s): cpu = 00:00:00 ; elapsed = 00:00:00.145 . Memory (MB): peak = 1736.195 ; gain = 0.000
Ending Logic Optimization Task | Checksum: 255b66b5b

Time (s): cpu = 00:00:24 ; elapsed = 00:00:22 . Memory (MB): peak = 1736.195 ; gain = 0.000
INFO: [Common 17-83] Releasing license: Implementation
28 Infos, 1 Warnings, 0 Critical Warnings and 0 Errors encountered.
opt_design completed successfully
opt_design: Time (s): cpu = 00:00:28 ; elapsed = 00:00:25 . Memory (MB): peak = 1736.195 ; gain = 0.000
Writing placer database...
Writing XDEF routing.
Writing XDEF routing logical nets.
Writing XDEF routing special nets.
Write XDEF Complete: Time (s): cpu = 00:00:00 ; elapsed = 00:00:00.119 . Memory (MB): peak = 1736.195 ; gain = 0.000
INFO: [Common 17-1381] The checkpoint 'C:/proj_HoloFrame/fpga/NexysVideo_HDMI/proj/HDMI.runs/impl_1/hdmi_wrapper_opt.dcp' has been generated.
write_checkpoint: Time (s): cpu = 00:00:15 ; elapsed = 00:00:09 . Memory (MB): peak = 1736.195 ; gain = 0.000
INFO: [runtcl-4] Executing : report_drc -file hdmi_wrapper_drc_opted.rpt -pb hdmi_wrapper_drc_opted.pb -rpx hdmi_wrapper_drc_opted.rpx
Command: report_drc -file hdmi_wrapper_drc_opted.rpt -pb hdmi_wrapper_drc_opted.pb -rpx hdmi_wrapper_drc_opted.rpx
INFO: [IP_Flow 19-1839] IP Catalog is up to date.
INFO: [DRC 23-27] Running DRC with 2 threads
INFO: [Coretcl 2-168] The results of DRC are in file C:/proj_HoloFrame/fpga/NexysVideo_HDMI/proj/HDMI.runs/impl_1/hdmi_wrapper_drc_opted.rpt.
report_drc completed successfully
report_drc: Time (s): cpu = 00:00:08 ; elapsed = 00:00:05 . Memory (MB): peak = 1736.195 ; gain = 0.000
INFO: [Chipscope 16-241] No debug cores found in the current design.
Before running the implement_debug_core command, either use the Set Up Debug wizard (GUI mode)
or use the create_debug_core and connect_debug_core Tcl commands to insert debug cores into the design.
Command: place_design -directive RuntimeOptimized
Attempting to get a license for feature 'Implementation' and/or device 'xc7a200t'
INFO: [Common 17-349] Got license for feature 'Implementation' and/or device 'xc7a200t'
INFO: [DRC 23-27] Running DRC with 2 threads
INFO: [Vivado_Tcl 4-198] DRC finished with 0 Errors
INFO: [Vivado_Tcl 4-199] Please refer to the DRC report (report_drc) for more information.
Running DRC as a precondition to command place_design
INFO: [DRC 23-27] Running DRC with 2 threads
WARNING: [DRC REQP-1827] BUFMR_driven_by_MMCM_PLL: BUFMR hdmi_i/axi_dynclk_i0/U0/GenerateBUFMR.BUFMR_inst is driven by an MMCM or PLL (hdmi_i/axi_dynclk_i0/U0/Inst_mmcme2_drp/mmcm_adv_inst), but this is not recommended connectivity.
WARNING: [DRC REQP-1839] RAMB36 async control check: The RAMB36E1 hdmi_i/vdma_i0/U0/I_PRMRY_DATAMOVER/GEN_MM2S_FULL.I_MM2S_FULL_WRAPPER/GEN_INCLUDE_MM2S_SF.I_RD_SF/I_DATA_FIFO/BLK_MEM.I_SYNC_FIFOGEN_FIFO/xpm_fifo_instance.xpm_fifo_sync_inst/xpm_fifo_base_inst/gen_sdpram.xpm_memory_base_inst/gen_wr_a.gen_word_narrow.mem_reg_0 has an input control pin hdmi_i/vdma_i0/U0/I_PRMRY_DATAMOVER/GEN_MM2S_FULL.I_MM2S_FULL_WRAPPER/GEN_INCLUDE_MM2S_SF.I_RD_SF/I_DATA_FIFO/BLK_MEM.I_SYNC_FIFOGEN_FIFO/xpm_fifo_instance.xpm_fifo_sync_inst/xpm_fifo_base_inst/gen_sdpram.xpm_memory_base_inst/gen_wr_a.gen_word_narrow.mem_reg_0/ENARDEN (net: hdmi_i/vdma_i0/U0/I_PRMRY_DATAMOVER/GEN_MM2S_FULL.I_MM2S_FULL_WRAPPER/GEN_INCLUDE_MM2S_SF.I_RD_SF/I_DATA_FIFO/BLK_MEM.I_SYNC_FIFOGEN_FIFO/xpm_fifo_instance.xpm_fifo_sync_inst/xpm_fifo_base_inst/gen_sdpram.xpm_memory_base_inst/enb) which is driven by a register (hdmi_i/vdma_i0/U0/GEN_SPRT_FOR_MM2S.MM2S_LINEBUFFER_I/GEN_LINEBUF_NO_SOF.GEN_LINEBUFFER.GEN_ASYNC_FIFO.LB_BUILT_IN.I_LINEBUFFER_FIFO/fg_builtin_fifo_inst/inst_fifo_gen/gconvfifo.rf/gbi.bi/g7ser_birst.rstbt/rsync.ric.rd_rst_reg_reg) that has an active asychronous set or reset. This may cause corruption of the memory contents and/or read values when the set/reset is asserted and is not analyzed by the default static timing analysis. It is suggested to eliminate the use of a set/reset to registers driving this RAMB pin or else use a synchronous reset in which the assertion of the reset is timed by default.
WARNING: [DRC REQP-1839] RAMB36 async control check: The RAMB36E1 hdmi_i/vdma_i0/U0/I_PRMRY_DATAMOVER/GEN_MM2S_FULL.I_MM2S_FULL_WRAPPER/GEN_INCLUDE_MM2S_SF.I_RD_SF/I_DATA_FIFO/BLK_MEM.I_SYNC_FIFOGEN_FIFO/xpm_fifo_instance.xpm_fifo_sync_inst/xpm_fifo_base_inst/gen_sdpram.xpm_memory_base_inst/gen_wr_a.gen_word_narrow.mem_reg_1 has an input control pin hdmi_i/vdma_i0/U0/I_PRMRY_DATAMOVER/GEN_MM2S_FULL.I_MM2S_FULL_WRAPPER/GEN_INCLUDE_MM2S_SF.I_RD_SF/I_DATA_FIFO/BLK_MEM.I_SYNC_FIFOGEN_FIFO/xpm_fifo_instance.xpm_fifo_sync_inst/xpm_fifo_base_inst/gen_sdpram.xpm_memory_base_inst/gen_wr_a.gen_word_narrow.mem_reg_1/ENARDEN (net: hdmi_i/vdma_i0/U0/I_PRMRY_DATAMOVER/GEN_MM2S_FULL.I_MM2S_FULL_WRAPPER/GEN_INCLUDE_MM2S_SF.I_RD_SF/I_DATA_FIFO/BLK_MEM.I_SYNC_FIFOGEN_FIFO/xpm_fifo_instance.xpm_fifo_sync_inst/xpm_fifo_base_inst/gen_sdpram.xpm_memory_base_inst/enb) which is driven by a register (hdmi_i/vdma_i0/U0/GEN_SPRT_FOR_MM2S.MM2S_LINEBUFFER_I/GEN_LINEBUF_NO_SOF.GEN_LINEBUFFER.GEN_ASYNC_FIFO.LB_BUILT_IN.I_LINEBUFFER_FIFO/fg_builtin_fifo_inst/inst_fifo_gen/gconvfifo.rf/gbi.bi/g7ser_birst.rstbt/rsync.ric.rd_rst_reg_reg) that has an active asychronous set or reset. This may cause corruption of the memory contents and/or read values when the set/reset is asserted and is not analyzed by the default static timing analysis. It is suggested to eliminate the use of a set/reset to registers driving this RAMB pin or else use a synchronous reset in which the assertion of the reset is timed by default.
WARNING: [DRC REQP-1840] RAMB18 async control check: The RAMB18E1 hdmi_i/vdma_i0/U0/I_PRMRY_DATAMOVER/GEN_MM2S_FULL.I_MM2S_FULL_WRAPPER/GEN_INCLUDE_MM2S_SF.I_RD_SF/I_DATA_FIFO/BLK_MEM.I_SYNC_FIFOGEN_FIFO/xpm_fifo_instance.xpm_fifo_sync_inst/xpm_fifo_base_inst/gen_sdpram.xpm_memory_base_inst/gen_wr_a.gen_word_narrow.mem_reg_2 has an input control pin hdmi_i/vdma_i0/U0/I_PRMRY_DATAMOVER/GEN_MM2S_FULL.I_MM2S_FULL_WRAPPER/GEN_INCLUDE_MM2S_SF.I_RD_SF/I_DATA_FIFO/BLK_MEM.I_SYNC_FIFOGEN_FIFO/xpm_fifo_instance.xpm_fifo_sync_inst/xpm_fifo_base_inst/gen_sdpram.xpm_memory_base_inst/gen_wr_a.gen_word_narrow.mem_reg_2/ENARDEN (net: hdmi_i/vdma_i0/U0/I_PRMRY_DATAMOVER/GEN_MM2S_FULL.I_MM2S_FULL_WRAPPER/GEN_INCLUDE_MM2S_SF.I_RD_SF/I_DATA_FIFO/BLK_MEM.I_SYNC_FIFOGEN_FIFO/xpm_fifo_instance.xpm_fifo_sync_inst/xpm_fifo_base_inst/gen_sdpram.xpm_memory_base_inst/enb) which is driven by a register (hdmi_i/vdma_i0/U0/GEN_SPRT_FOR_MM2S.MM2S_LINEBUFFER_I/GEN_LINEBUF_NO_SOF.GEN_LINEBUFFER.GEN_ASYNC_FIFO.LB_BUILT_IN.I_LINEBUFFER_FIFO/fg_builtin_fifo_inst/inst_fifo_gen/gconvfifo.rf/gbi.bi/g7ser_birst.rstbt/rsync.ric.rd_rst_reg_reg) that has an active asychronous set or reset. This may cause corruption of the memory contents and/or read values when the set/reset is asserted and is not analyzed by the default static timing analysis. It is suggested to eliminate the use of a set/reset to registers driving this RAMB pin or else use a synchronous reset in which the assertion of the reset is timed by default.
INFO: [Vivado_Tcl 4-198] DRC finished with 0 Errors, 4 Warnings
INFO: [Vivado_Tcl 4-199] Please refer to the DRC report (report_drc) for more information.

Starting Placer Task
INFO: [Place 46-5] The placer was invoked with the 'RuntimeOptimized' directive.
INFO: [Place 30-611] Multithreading enabled for place_design using a maximum of 2 CPUs

Phase 1 Placer Initialization

Phase 1.1 Placer Initialization Netlist Sorting
Netlist sorting complete. Time (s): cpu = 00:00:00 ; elapsed = 00:00:00.109 . Memory (MB): peak = 1736.195 ; gain = 0.000
Phase 1.1 Placer Initialization Netlist Sorting | Checksum: 17e47b6b2

Time (s): cpu = 00:00:00 ; elapsed = 00:00:00.270 . Memory (MB): peak = 1736.195 ; gain = 0.000
INFO: [Timing 38-35] Done setting XDC timing constraints.
INFO: [Opt 31-138] Pushed 0 inverter(s) to 0 load pin(s).
Netlist sorting complete. Time (s): cpu = 00:00:00 ; elapsed = 00:00:00.109 . Memory (MB): peak = 1736.195 ; gain = 0.000

Phase 1.2 IO Placement/ Clock Placement/ Build Placer Device
INFO: [Timing 38-35] Done setting XDC timing constraints.
Phase 1.2 IO Placement/ Clock Placement/ Build Placer Device | Checksum: 1823a6985

Time (s): cpu = 00:00:23 ; elapsed = 00:00:21 . Memory (MB): peak = 1736.195 ; gain = 0.000

Phase 1.3 Build Placer Netlist Model
Phase 1.3 Build Placer Netlist Model | Checksum: 1a1b3b9b7

Time (s): cpu = 00:00:39 ; elapsed = 00:00:32 . Memory (MB): peak = 1963.582 ; gain = 227.387

Phase 1.4 Constrain Clocks/Macros
Phase 1.4 Constrain Clocks/Macros | Checksum: 1a1b3b9b7

Time (s): cpu = 00:00:40 ; elapsed = 00:00:33 . Memory (MB): peak = 1963.582 ; gain = 227.387
Phase 1 Placer Initialization | Checksum: 1a1b3b9b7

Time (s): cpu = 00:00:40 ; elapsed = 00:00:33 . Memory (MB): peak = 1963.582 ; gain = 227.387

Phase 2 Global Placement
Phase 2 Global Placement | Checksum: 1cb128a3f

Time (s): cpu = 00:01:31 ; elapsed = 00:01:06 . Memory (MB): peak = 1963.582 ; gain = 227.387

Phase 3 Detail Placement

Phase 3.1 Commit Multi Column Macros
Phase 3.1 Commit Multi Column Macros | Checksum: 1cb128a3f

Time (s): cpu = 00:01:31 ; elapsed = 00:01:06 . Memory (MB): peak = 1963.582 ; gain = 227.387

Phase 3.2 Commit Most Macros & LUTRAMs
Phase 3.2 Commit Most Macros & LUTRAMs | Checksum: 198c39aa1

Time (s): cpu = 00:01:40 ; elapsed = 00:01:12 . Memory (MB): peak = 1963.582 ; gain = 227.387

Phase 3.3 Area Swap Optimization
Phase 3.3 Area Swap Optimization | Checksum: 1aa5d7bc6

Time (s): cpu = 00:01:41 ; elapsed = 00:01:13 . Memory (MB): peak = 1963.582 ; gain = 227.387

Phase 3.4 Pipeline Register Optimization
Phase 3.4 Pipeline Register Optimization | Checksum: 1de0342d7

Time (s): cpu = 00:01:41 ; elapsed = 00:01:13 . Memory (MB): peak = 1963.582 ; gain = 227.387

Phase 3.5 Timing Path Optimizer
Phase 3.5 Timing Path Optimizer | Checksum: 1de0342d7

Time (s): cpu = 00:01:41 ; elapsed = 00:01:13 . Memory (MB): peak = 1963.582 ; gain = 227.387

Phase 3.6 Fast Optimization
Phase 3.6 Fast Optimization | Checksum: 1297f64ac

Time (s): cpu = 00:01:42 ; elapsed = 00:01:13 . Memory (MB): peak = 1963.582 ; gain = 227.387

Phase 3.7 Small Shape Detail Placement
Phase 3.7 Small Shape Detail Placement | Checksum: 1b3303791

Time (s): cpu = 00:01:58 ; elapsed = 00:01:30 . Memory (MB): peak = 1963.582 ; gain = 227.387

Phase 3.8 Re-assign LUT pins
Phase 3.8 Re-assign LUT pins | Checksum: 19de31f46

Time (s): cpu = 00:01:59 ; elapsed = 00:01:32 . Memory (MB): peak = 1963.582 ; gain = 227.387

Phase 3.9 Pipeline Register Optimization
Phase 3.9 Pipeline Register Optimization | Checksum: 2063bd784

Time (s): cpu = 00:02:00 ; elapsed = 00:01:32 . Memory (MB): peak = 1963.582 ; gain = 227.387

Phase 3.10 Fast Optimization
Phase 3.10 Fast Optimization | Checksum: 19b8be014

Time (s): cpu = 00:02:05 ; elapsed = 00:01:35 . Memory (MB): peak = 1963.582 ; gain = 227.387
Phase 3 Detail Placement | Checksum: 19b8be014

Time (s): cpu = 00:02:05 ; elapsed = 00:01:35 . Memory (MB): peak = 1963.582 ; gain = 227.387

Phase 4 Post Placement Optimization and Clean-Up

Phase 4.1 Post Commit Optimization
INFO: [Timing 38-35] Done setting XDC timing constraints.

Phase 4.1.1 Post Placement Optimization
Post Placement Optimization Initialization | Checksum: 186a8ad81

Phase 4.1.1.1 BUFG Insertion
INFO: [Physopt 32-721] Multithreading enabled for phys_opt_design using a maximum of 2 CPUs
INFO: [Place 46-33] Processed net hdmi_i/microblaze_i0/U0/MicroBlaze_Core_I/sync_reset, BUFG insertion was skipped due to placement/routing conflicts.
INFO: [Place 46-33] Processed net hdmi_i/vtimctrl_i0/U0/U_VIDEO_CTRL/GEN_HAS_IRQ.irq_i_1_n_0, BUFG insertion was skipped due to placement/routing conflicts.
INFO: [Place 46-31] BUFG insertion identified 2 candidate nets, 0 success, 2 skipped for placement/routing, 0 skipped for timing, 0 skipped for netlist change reason.
Phase 4.1.1.1 BUFG Insertion | Checksum: 186a8ad81

Time (s): cpu = 00:02:21 ; elapsed = 00:01:47 . Memory (MB): peak = 1988.668 ; gain = 252.473
INFO: [Place 30-746] Post Placement Timing Summary WNS=-3.446. For the most accurate timing information please run report_timing.
Phase 4.1.1 Post Placement Optimization | Checksum: 19dc1a164

Time (s): cpu = 00:02:23 ; elapsed = 00:01:49 . Memory (MB): peak = 1988.668 ; gain = 252.473
Phase 4.1 Post Commit Optimization | Checksum: 19dc1a164

Time (s): cpu = 00:02:24 ; elapsed = 00:01:49 . Memory (MB): peak = 1988.668 ; gain = 252.473

Phase 4.2 Post Placement Cleanup
Phase 4.2 Post Placement Cleanup | Checksum: 19dc1a164

Time (s): cpu = 00:02:24 ; elapsed = 00:01:50 . Memory (MB): peak = 1988.668 ; gain = 252.473

Phase 4.3 Placer Reporting
Phase 4.3 Placer Reporting | Checksum: 19dc1a164

Time (s): cpu = 00:02:24 ; elapsed = 00:01:50 . Memory (MB): peak = 1988.668 ; gain = 252.473

Phase 4.4 Final Placement Cleanup
Phase 4.4 Final Placement Cleanup | Checksum: 11a02ca1f

Time (s): cpu = 00:02:25 ; elapsed = 00:01:50 . Memory (MB): peak = 1988.668 ; gain = 252.473
Phase 4 Post Placement Optimization and Clean-Up | Checksum: 11a02ca1f

Time (s): cpu = 00:02:25 ; elapsed = 00:01:51 . Memory (MB): peak = 1988.668 ; gain = 252.473
Ending Placer Task | Checksum: b9d1186c

Time (s): cpu = 00:02:25 ; elapsed = 00:01:51 . Memory (MB): peak = 1988.668 ; gain = 252.473
INFO: [Common 17-83] Releasing license: Implementation
53 Infos, 5 Warnings, 0 Critical Warnings and 0 Errors encountered.
place_design completed successfully
place_design: Time (s): cpu = 00:02:31 ; elapsed = 00:01:56 . Memory (MB): peak = 1988.668 ; gain = 252.473
Writing placer database...
Writing XDEF routing.
Writing XDEF routing logical nets.
Writing XDEF routing special nets.
Write XDEF Complete: Time (s): cpu = 00:00:11 ; elapsed = 00:00:04 . Memory (MB): peak = 1988.668 ; gain = 0.000
INFO: [Common 17-1381] The checkpoint 'C:/proj_HoloFrame/fpga/NexysVideo_HDMI/proj/HDMI.runs/impl_1/hdmi_wrapper_placed.dcp' has been generated.
write_checkpoint: Time (s): cpu = 00:00:20 ; elapsed = 00:00:10 . Memory (MB): peak = 1988.668 ; gain = 0.000
INFO: [runtcl-4] Executing : report_io -file hdmi_wrapper_io_placed.rpt
report_io: Time (s): cpu = 00:00:00 ; elapsed = 00:00:00.121 . Memory (MB): peak = 1988.668 ; gain = 0.000
INFO: [runtcl-4] Executing : report_utilization -file hdmi_wrapper_utilization_placed.rpt -pb hdmi_wrapper_utilization_placed.pb
report_utilization: Time (s): cpu = 00:00:00 ; elapsed = 00:00:00.508 . Memory (MB): peak = 1988.668 ; gain = 0.000
INFO: [runtcl-4] Executing : report_control_sets -verbose -file hdmi_wrapper_control_sets_placed.rpt
report_control_sets: Time (s): cpu = 00:00:00 ; elapsed = 00:00:00.167 . Memory (MB): peak = 1988.668 ; gain = 0.000
Command: route_design -directive RuntimeOptimized
Attempting to get a license for feature 'Implementation' and/or device 'xc7a200t'
INFO: [Common 17-349] Got license for feature 'Implementation' and/or device 'xc7a200t'
Running DRC as a precondition to command route_design
INFO: [DRC 23-27] Running DRC with 2 threads
INFO: [Vivado_Tcl 4-198] DRC finished with 0 Errors
INFO: [Vivado_Tcl 4-199] Please refer to the DRC report (report_drc) for more information.


Starting Routing Task
INFO: [Route 35-270] Using Router directive 'RuntimeOptimized'.
INFO: [Route 35-254] Multithreading enabled for route_design using a maximum of 2 CPUs
Checksum: PlaceDB: b4d61715 ConstDB: 0 ShapeSum: 4fb0157 RouteDB: 0

Phase 1 Build RT Design
Phase 1 Build RT Design | Checksum: f3122178

Time (s): cpu = 00:01:06 ; elapsed = 00:00:54 . Memory (MB): peak = 2136.531 ; gain = 147.863
Post Restoration Checksum: NetGraph: b445304b NumContArr: 3eccf12d Constraints: 0 Timing: 0

Phase 2 Router Initialization

Phase 2.1 Create Timer
Phase 2.1 Create Timer | Checksum: f3122178

Time (s): cpu = 00:01:07 ; elapsed = 00:00:55 . Memory (MB): peak = 2136.531 ; gain = 147.863

Phase 2.2 Fix Topology Constraints
Phase 2.2 Fix Topology Constraints | Checksum: f3122178

Time (s): cpu = 00:01:08 ; elapsed = 00:00:56 . Memory (MB): peak = 2136.531 ; gain = 147.863

Phase 2.3 Pre Route Cleanup
Phase 2.3 Pre Route Cleanup | Checksum: f3122178

Time (s): cpu = 00:01:08 ; elapsed = 00:00:56 . Memory (MB): peak = 2136.531 ; gain = 147.863
 Number of Nodes with overlaps = 0

Phase 2.4 Update Timing
Phase 2.4 Update Timing | Checksum: e140da24

Time (s): cpu = 00:01:28 ; elapsed = 00:01:09 . Memory (MB): peak = 2209.949 ; gain = 221.281
INFO: [Route 35-416] Intermediate Timing Summary | WNS=-3.415 | TNS=-23.347| WHS=-2.766 | THS=-680.352|


Phase 2.5 Update Timing for Bus Skew

Phase 2.5.1 Update Timing
Phase 2.5.1 Update Timing | Checksum: 104b1b17b

Time (s): cpu = 00:01:43 ; elapsed = 00:01:17 . Memory (MB): peak = 2292.578 ; gain = 303.910
INFO: [Route 35-416] Intermediate Timing Summary | WNS=-3.415 | TNS=-23.335| WHS=N/A    | THS=N/A    |

Phase 2.5 Update Timing for Bus Skew | Checksum: 143016162

Time (s): cpu = 00:01:43 ; elapsed = 00:01:18 . Memory (MB): peak = 2292.578 ; gain = 303.910
Phase 2 Router Initialization | Checksum: 197c52305

Time (s): cpu = 00:01:43 ; elapsed = 00:01:18 . Memory (MB): peak = 2292.578 ; gain = 303.910

Phase 3 Initial Routing
Phase 3 Initial Routing | Checksum: d92f3d95

Time (s): cpu = 00:01:55 ; elapsed = 00:01:24 . Memory (MB): peak = 2292.578 ; gain = 303.910

Phase 4 Rip-up And Reroute

Phase 4.1 Global Iteration 0
 Number of Nodes with overlaps = 4535
 Number of Nodes with overlaps = 538
 Number of Nodes with overlaps = 152
 Number of Nodes with overlaps = 32
 Number of Nodes with overlaps = 16
 Number of Nodes with overlaps = 5
 Number of Nodes with overlaps = 0
INFO: [Route 35-416] Intermediate Timing Summary | WNS=-3.459 | TNS=-24.145| WHS=N/A    | THS=N/A    |

Phase 4.1 Global Iteration 0 | Checksum: 11097c7ca

Time (s): cpu = 00:02:33 ; elapsed = 00:01:47 . Memory (MB): peak = 2292.578 ; gain = 303.910

Phase 4.2 Global Iteration 1
 Number of Nodes with overlaps = 7
 Number of Nodes with overlaps = 0
INFO: [Route 35-416] Intermediate Timing Summary | WNS=-3.459 | TNS=-24.145| WHS=N/A    | THS=N/A    |

Phase 4.2 Global Iteration 1 | Checksum: 18196af0a

Time (s): cpu = 00:02:35 ; elapsed = 00:01:48 . Memory (MB): peak = 2292.578 ; gain = 303.910
Phase 4 Rip-up And Reroute | Checksum: 18196af0a

Time (s): cpu = 00:02:35 ; elapsed = 00:01:48 . Memory (MB): peak = 2292.578 ; gain = 303.910

Phase 5 Delay and Skew Optimization

Phase 5.1 Delay CleanUp
 Number of Nodes with overlaps = 0
Phase 5.1 Delay CleanUp | Checksum: 27423756a

Time (s): cpu = 00:02:36 ; elapsed = 00:01:49 . Memory (MB): peak = 2292.578 ; gain = 303.910

Phase 5.2 Clock Skew Optimization
Phase 5.2 Clock Skew Optimization | Checksum: 27423756a

Time (s): cpu = 00:02:36 ; elapsed = 00:01:49 . Memory (MB): peak = 2292.578 ; gain = 303.910
Phase 5 Delay and Skew Optimization | Checksum: 27423756a

Time (s): cpu = 00:02:37 ; elapsed = 00:01:49 . Memory (MB): peak = 2292.578 ; gain = 303.910

Phase 6 Post Hold Fix

Phase 6.1 Hold Fix Iter

Phase 6.1.1 Update Timing
Phase 6.1.1 Update Timing | Checksum: 20c6cf276

Time (s): cpu = 00:02:42 ; elapsed = 00:01:52 . Memory (MB): peak = 2292.578 ; gain = 303.910
INFO: [Route 35-416] Intermediate Timing Summary | WNS=-3.460 | TNS=-24.184| WHS=0.027  | THS=0.000  |

Phase 6.1 Hold Fix Iter | Checksum: 210f87e09

Time (s): cpu = 00:02:42 ; elapsed = 00:01:53 . Memory (MB): peak = 2292.578 ; gain = 303.910
Phase 6 Post Hold Fix | Checksum: 210f87e09

Time (s): cpu = 00:02:42 ; elapsed = 00:01:53 . Memory (MB): peak = 2292.578 ; gain = 303.910

Phase 7 Route finalize

Router Utilization Summary
  Global Vertical Routing Utilization    = 3.74925 %
  Global Horizontal Routing Utilization  = 4.88814 %
  Routable Net Status*
  *Does not include unroutable nets such as driverless and loadless.
  Run report_route_status for detailed report.
  Number of Failed Nets               = 0
  Number of Unrouted Nets             = 0
  Number of Partially Routed Nets     = 0
  Number of Node Overlaps             = 0

Utilization threshold used for congestion level computation: 0.85
Congestion Report
North Dir 1x1 Area, Max Cong = 79.2793%, No Congested Regions.
South Dir 1x1 Area, Max Cong = 74.7748%, No Congested Regions.
East Dir 1x1 Area, Max Cong = 79.4118%, No Congested Regions.
West Dir 1x1 Area, Max Cong = 79.4118%, No Congested Regions.
Phase 7 Route finalize | Checksum: 1bd04c165

Time (s): cpu = 00:02:43 ; elapsed = 00:01:53 . Memory (MB): peak = 2292.578 ; gain = 303.910

Phase 8 Verifying routed nets

 Verification completed successfully
Phase 8 Verifying routed nets | Checksum: 1bd04c165

Time (s): cpu = 00:02:43 ; elapsed = 00:01:53 . Memory (MB): peak = 2292.578 ; gain = 303.910

Phase 9 Depositing Routes
Phase 9 Depositing Routes | Checksum: 14661f4f8

Time (s): cpu = 00:02:46 ; elapsed = 00:01:57 . Memory (MB): peak = 2292.578 ; gain = 303.910

Phase 10 Post Router Timing
INFO: [Route 35-57] Estimated Timing Summary | WNS=-3.460 | TNS=-24.184| WHS=0.027  | THS=0.000  |

WARNING: [Route 35-328] Router estimated timing not met.
Resolution: For a complete and accurate timing signoff, report_timing_summary must be run after route_design. Alternatively, route_design can be run with the -timing_summary option to enable a complete timing signoff at the end of route_design.
Phase 10 Post Router Timing | Checksum: 14661f4f8

Time (s): cpu = 00:02:46 ; elapsed = 00:01:57 . Memory (MB): peak = 2292.578 ; gain = 303.910
INFO: [Route 35-16] Router Completed Successfully

Time (s): cpu = 00:02:46 ; elapsed = 00:01:57 . Memory (MB): peak = 2292.578 ; gain = 303.910

Routing Is Done.
INFO: [Common 17-83] Releasing license: Implementation
71 Infos, 6 Warnings, 0 Critical Warnings and 0 Errors encountered.
route_design completed successfully
route_design: Time (s): cpu = 00:02:56 ; elapsed = 00:02:03 . Memory (MB): peak = 2292.578 ; gain = 303.910
Writing placer database...
Writing XDEF routing.
Writing XDEF routing logical nets.
Writing XDEF routing special nets.
Write XDEF Complete: Time (s): cpu = 00:00:15 ; elapsed = 00:00:05 . Memory (MB): peak = 2292.578 ; gain = 0.000
INFO: [Common 17-1381] The checkpoint 'C:/proj_HoloFrame/fpga/NexysVideo_HDMI/proj/HDMI.runs/impl_1/hdmi_wrapper_routed.dcp' has been generated.
write_checkpoint: Time (s): cpu = 00:00:21 ; elapsed = 00:00:11 . Memory (MB): peak = 2292.578 ; gain = 0.000
INFO: [runtcl-4] Executing : report_drc -file hdmi_wrapper_drc_routed.rpt -pb hdmi_wrapper_drc_routed.pb -rpx hdmi_wrapper_drc_routed.rpx
Command: report_drc -file hdmi_wrapper_drc_routed.rpt -pb hdmi_wrapper_drc_routed.pb -rpx hdmi_wrapper_drc_routed.rpx
INFO: [IP_Flow 19-1839] IP Catalog is up to date.
INFO: [DRC 23-27] Running DRC with 2 threads
INFO: [Coretcl 2-168] The results of DRC are in file C:/proj_HoloFrame/fpga/NexysVideo_HDMI/proj/HDMI.runs/impl_1/hdmi_wrapper_drc_routed.rpt.
report_drc completed successfully
report_drc: Time (s): cpu = 00:00:16 ; elapsed = 00:00:08 . Memory (MB): peak = 2292.578 ; gain = 0.000
INFO: [runtcl-4] Executing : report_methodology -file hdmi_wrapper_methodology_drc_routed.rpt -pb hdmi_wrapper_methodology_drc_routed.pb -rpx hdmi_wrapper_methodology_drc_routed.rpx
Command: report_methodology -file hdmi_wrapper_methodology_drc_routed.rpt -pb hdmi_wrapper_methodology_drc_routed.pb -rpx hdmi_wrapper_methodology_drc_routed.rpx
INFO: [Timing 38-35] Done setting XDC timing constraints.
INFO: [Timing 38-35] Done setting XDC timing constraints.
INFO: [DRC 23-133] Running Methodology with 2 threads
INFO: [Coretcl 2-1520] The results of Report Methodology are in file C:/proj_HoloFrame/fpga/NexysVideo_HDMI/proj/HDMI.runs/impl_1/hdmi_wrapper_methodology_drc_routed.rpt.
report_methodology completed successfully
report_methodology: Time (s): cpu = 00:00:46 ; elapsed = 00:00:26 . Memory (MB): peak = 2468.414 ; gain = 175.836
INFO: [runtcl-4] Executing : report_power -file hdmi_wrapper_power_routed.rpt -pb hdmi_wrapper_power_summary_routed.pb -rpx hdmi_wrapper_power_routed.rpx
Command: report_power -file hdmi_wrapper_power_routed.rpt -pb hdmi_wrapper_power_summary_routed.pb -rpx hdmi_wrapper_power_routed.rpx
INFO: [Timing 38-35] Done setting XDC timing constraints.
Running Vector-less Activity Propagation...

Finished Running Vector-less Activity Propagation
WARNING: [Power 33-332] Found switching activity that implies high-fanout reset nets being asserted for excessive periods of time which may result in inaccurate power analysis.
Resolution: To review and fix problems, please run Power Constraints Advisor in the GUI from Tools > Power Constraints Advisor or run report_power with the -advisory option to generate a text report.
83 Infos, 7 Warnings, 0 Critical Warnings and 0 Errors encountered.
report_power completed successfully
report_power: Time (s): cpu = 00:00:25 ; elapsed = 00:00:15 . Memory (MB): peak = 2568.211 ; gain = 99.797
INFO: [runtcl-4] Executing : report_route_status -file hdmi_wrapper_route_status.rpt -pb hdmi_wrapper_route_status.pb
INFO: [runtcl-4] Executing : report_timing_summary -max_paths 10 -file hdmi_wrapper_timing_summary_routed.rpt -rpx hdmi_wrapper_timing_summary_routed.rpx -warn_on_violation 
INFO: [Timing 38-91] UpdateTimingParams: Speed grade: -1, Delay Type: min_max.
INFO: [Timing 38-191] Multithreading enabled for timing update using a maximum of 2 CPUs
CRITICAL WARNING: [Timing 38-282] The design failed to meet the timing requirements. Please see the timing summary report for details on the timing violations.
WARNING: [Timing 38-436] There are set_bus_skew constraint(s) in this design. Please run report_bus_skew to ensure that bus skew requirements are met.
INFO: [runtcl-4] Executing : report_incremental_reuse -file hdmi_wrapper_incremental_reuse_routed.rpt
INFO: [Vivado_Tcl 4-545] No incremental reuse to report, no incremental placement and routing data was found.
INFO: [runtcl-4] Executing : report_clock_utilization -file hdmi_wrapper_clock_utilization_routed.rpt
report_clock_utilization: Time (s): cpu = 00:00:07 ; elapsed = 00:00:07 . Memory (MB): peak = 2584.543 ; gain = 2.859
INFO: [Common 17-206] Exiting Vivado at Fri Mar 22 19:04:07 2019...

*** Running vivado
    with args -log hdmi_wrapper.vdi -applog -m64 -product Vivado -messageDb vivado.pb -mode batch -source hdmi_wrapper.tcl -notrace


****** Vivado v2017.4 (64-bit)
  **** SW Build 2086221 on Fri Dec 15 20:55:39 MST 2017
  **** IP Build 2085800 on Fri Dec 15 22:25:07 MST 2017
    ** Copyright 1986-2017 Xilinx, Inc. All Rights Reserved.

source hdmi_wrapper.tcl -notrace
Command: open_checkpoint hdmi_wrapper_routed.dcp

Starting open_checkpoint Task

Time (s): cpu = 00:00:00 ; elapsed = 00:00:00.025 . Memory (MB): peak = 236.730 ; gain = 0.000
INFO: [Netlist 29-17] Analyzing 2470 Unisim elements for replacement
INFO: [Netlist 29-28] Unisim Transformation completed in 1 CPU seconds
INFO: [Project 1-479] Netlist was created with Vivado 2017.4
INFO: [Device 21-403] Loading part xc7a200tsbg484-1
INFO: [Project 1-570] Preparing netlist for logic optimization
Parsing XDC File [C:/proj_HoloFrame/fpga/NexysVideo_HDMI/proj/HDMI.runs/impl_1/.Xil/Vivado-292732-Parasha/dcp1/hdmi_wrapper_board.xdc]
Finished Parsing XDC File [C:/proj_HoloFrame/fpga/NexysVideo_HDMI/proj/HDMI.runs/impl_1/.Xil/Vivado-292732-Parasha/dcp1/hdmi_wrapper_board.xdc]
Parsing XDC File [C:/proj_HoloFrame/fpga/NexysVideo_HDMI/proj/HDMI.runs/impl_1/.Xil/Vivado-292732-Parasha/dcp1/hdmi_wrapper_early.xdc]
INFO: [Timing 38-35] Done setting XDC timing constraints. [C:/proj_HoloFrame/fpga/NexysVideo_HDMI/src/bd/hdmi/ip/hdmi_mdm_1_0/hdmi_mdm_1_0.xdc:50]
get_clocks: Time (s): cpu = 00:00:14 ; elapsed = 00:00:14 . Memory (MB): peak = 1569.852 ; gain = 627.539
Finished Parsing XDC File [C:/proj_HoloFrame/fpga/NexysVideo_HDMI/proj/HDMI.runs/impl_1/.Xil/Vivado-292732-Parasha/dcp1/hdmi_wrapper_early.xdc]
Parsing XDC File [C:/proj_HoloFrame/fpga/NexysVideo_HDMI/proj/HDMI.runs/impl_1/.Xil/Vivado-292732-Parasha/dcp1/hdmi_wrapper.xdc]
Finished Parsing XDC File [C:/proj_HoloFrame/fpga/NexysVideo_HDMI/proj/HDMI.runs/impl_1/.Xil/Vivado-292732-Parasha/dcp1/hdmi_wrapper.xdc]
Parsing XDC File [C:/proj_HoloFrame/fpga/NexysVideo_HDMI/proj/HDMI.runs/impl_1/.Xil/Vivado-292732-Parasha/dcp1/hdmi_wrapper_late.xdc]
INFO: [Timing 38-2] Deriving generated clocks [C:/proj_HoloFrame/fpga/NexysVideo_HDMI/src/bd/hdmi/ip/hdmi_v_tc_0_0/hdmi_v_tc_0_0_clocks.xdc:5]
Finished Parsing XDC File [C:/proj_HoloFrame/fpga/NexysVideo_HDMI/proj/HDMI.runs/impl_1/.Xil/Vivado-292732-Parasha/dcp1/hdmi_wrapper_late.xdc]
Reading XDEF placement.
Reading placer database...
Reading XDEF routing.
Read XDEF File: Time (s): cpu = 00:00:05 ; elapsed = 00:00:05 . Memory (MB): peak = 1621.188 ; gain = 7.422
Restored from archive | CPU: 5.000000 secs | Memory: 0.000000 MB |
Finished XDEF File Restore: Time (s): cpu = 00:00:05 ; elapsed = 00:00:05 . Memory (MB): peak = 1621.188 ; gain = 7.422
INFO: [Project 1-111] Unisim Transformation Summary:
  A total of 815 instances were transformed.
  IOBUF => IOBUF (IBUF, OBUFT): 2 instances
  IOBUFDS_DIFF_OUT_INTERMDISABLE => IOBUFDS_DIFF_OUT_INTERMDISABLE (IBUFDS_INTERMDISABLE_INT, IBUFDS_INTERMDISABLE_INT, INV, OBUFTDS, OBUFTDS): 2 instances
  IOBUF_INTERMDISABLE => IOBUF_INTERMDISABLE (IBUF_INTERMDISABLE, OBUFT): 16 instances
  LUT6_2 => LUT6_2 (LUT5, LUT6): 63 instances
  OBUFDS => OBUFDS_DUAL_BUF (INV, OBUFDS, OBUFDS): 1 instances
  RAM16X1D => RAM32X1D (RAMD32, RAMD32): 32 instances
  RAM16X1S => RAM32X1S (RAMS32): 512 instances
  RAM32M => RAM32M (RAMD32, RAMD32, RAMD32, RAMD32, RAMD32, RAMD32, RAMS32, RAMS32): 179 instances
  SRLC16E => SRL16E: 1 instances
  SRLC32E => SRL16E: 7 instances

INFO: [Project 1-604] Checkpoint was created with Vivado v2017.4 (64-bit) build 2086221
open_checkpoint: Time (s): cpu = 00:00:44 ; elapsed = 00:00:44 . Memory (MB): peak = 1621.188 ; gain = 1388.602
WARNING: [Memdata 28-167] Found XPM memory block hdmi_i/vdma_i0/U0/I_PRMRY_DATAMOVER/GEN_S2MM_FULL.I_S2MM_FULL_WRAPPER/GEN_ENABLE_INDET_BTT_SF.I_INDET_BTT/I_XD_FIFO/NON_BLK_MEM.I_SYNC_FIFOGEN_FIFO/xpm_fifo_instance.xpm_fifo_sync_inst/xpm_fifo_base_inst/gen_sdpram.xpm_memory_base_inst with a P_MEMORY_PRIMITIVE property set to auto. A value of block is required. You will not be able to use the updatemem program to update the bitstream with new data for the hdmi_i/vdma_i0/U0/I_PRMRY_DATAMOVER/GEN_S2MM_FULL.I_S2MM_FULL_WRAPPER/GEN_ENABLE_INDET_BTT_SF.I_INDET_BTT/I_XD_FIFO/NON_BLK_MEM.I_SYNC_FIFOGEN_FIFO/xpm_fifo_instance.xpm_fifo_sync_inst/xpm_fifo_base_inst/gen_sdpram.xpm_memory_base_inst block.
INFO: [Memdata 28-208] The XPM instance: <hdmi_i/vdma_i0/U0/I_PRMRY_DATAMOVER/GEN_S2MM_FULL.I_S2MM_FULL_WRAPPER/GEN_ENABLE_INDET_BTT_SF.I_INDET_BTT/I_DATA_FIFO/BLK_MEM.I_SYNC_FIFOGEN_FIFO/xpm_fifo_instance.xpm_fifo_sync_inst/xpm_fifo_base_inst/gen_sdpram.xpm_memory_base_inst> is part of IP: <hdmi_i/vdma_i0>. This XPM instance will be excluded from the .mmi because updatemem is prohibited from making changes to an XPM that is part of an IP.
INFO: [Memdata 28-208] The XPM instance: <hdmi_i/vdma_i0/U0/I_PRMRY_DATAMOVER/GEN_MM2S_FULL.I_MM2S_FULL_WRAPPER/GEN_INCLUDE_MM2S_SF.I_RD_SF/I_DATA_FIFO/BLK_MEM.I_SYNC_FIFOGEN_FIFO/xpm_fifo_instance.xpm_fifo_sync_inst/xpm_fifo_base_inst/gen_sdpram.xpm_memory_base_inst> is part of IP: <hdmi_i/vdma_i0>. This XPM instance will be excluded from the .mmi because updatemem is prohibited from making changes to an XPM that is part of an IP.
WARNING: [Memdata 28-167] Found XPM memory block hdmi_i/v_vid_in_axi4s_0/inst/COUPLER_INST/generate_async_fifo.FIFO_INST/XPM_FIFO_ASYNC_INST/gnuram_async_fifo.xpm_fifo_base_inst/gen_sdpram.xpm_memory_base_inst with a P_MEMORY_PRIMITIVE property set to auto. A value of block is required. You will not be able to use the updatemem program to update the bitstream with new data for the hdmi_i/v_vid_in_axi4s_0/inst/COUPLER_INST/generate_async_fifo.FIFO_INST/XPM_FIFO_ASYNC_INST/gnuram_async_fifo.xpm_fifo_base_inst/gen_sdpram.xpm_memory_base_inst block.
WARNING: [Memdata 28-167] Found XPM memory block hdmi_i/v_axi4s_vid_out_0/inst/COUPLER_INST/generate_sync_fifo.FIFO_INST/XPM_FIFO_SYNC_INST/xpm_fifo_base_inst/gen_sdpram.xpm_memory_base_inst with a P_MEMORY_PRIMITIVE property set to auto. A value of block is required. You will not be able to use the updatemem program to update the bitstream with new data for the hdmi_i/v_axi4s_vid_out_0/inst/COUPLER_INST/generate_sync_fifo.FIFO_INST/XPM_FIFO_SYNC_INST/xpm_fifo_base_inst/gen_sdpram.xpm_memory_base_inst block.
Command: write_bitstream -force hdmi_wrapper.bit
Attempting to get a license for feature 'Implementation' and/or device 'xc7a200t'
INFO: [Common 17-349] Got license for feature 'Implementation' and/or device 'xc7a200t'
Running DRC as a precondition to command write_bitstream
INFO: [IP_Flow 19-234] Refreshing IP repositories
INFO: [IP_Flow 19-1704] No user IP repositories specified
INFO: [IP_Flow 19-2313] Loaded Vivado IP repository 'C:/Xilinx/Vivado/2017.4/data/ip'.
INFO: [DRC 23-27] Running DRC with 2 threads
WARNING: [DRC BUFC-1] Input Buffer Connections: Input buffer hdmi_i/mig_i0/u_hdmi_mig_7series_0_0_mig/u_memc_ui_top_axi/mem_intfc0/ddr_phy_top0/u_ddr_mc_phy_wrapper/gen_dqs_iobuf_HR.gen_dqs_iobuf[0].gen_dqs_diff.u_iobuf_dqs/IBUFDS_0 has no loads. It is recommended to have an input buffer drive an internal load.
WARNING: [DRC BUFC-1] Input Buffer Connections: Input buffer hdmi_i/mig_i0/u_hdmi_mig_7series_0_0_mig/u_memc_ui_top_axi/mem_intfc0/ddr_phy_top0/u_ddr_mc_phy_wrapper/gen_dqs_iobuf_HR.gen_dqs_iobuf[1].gen_dqs_diff.u_iobuf_dqs/IBUFDS_0 has no loads. It is recommended to have an input buffer drive an internal load.
WARNING: [DRC CFGBVS-1] Missing CFGBVS and CONFIG_VOLTAGE Design Properties: Neither the CFGBVS nor CONFIG_VOLTAGE voltage property is set in the current_design.  Configuration bank voltage select (CFGBVS) must be set to VCCO or GND, and CONFIG_VOLTAGE must be set to the correct configuration voltage, in order to determine the I/O voltage support for the pins in bank 0.  It is suggested to specify these either using the 'Edit Device Properties' function in the GUI or directly in the XDC file using the following syntax:

 set_property CFGBVS value1 [current_design]
 #where value1 is either VCCO or GND

 set_property CONFIG_VOLTAGE value2 [current_design]
 #where value2 is the voltage provided to configuration bank 0

Refer to the device configuration user guide for more information.
WARNING: [DRC DPIP-1] Input pipelining: DSP hdmi_i/microblaze_i0/U0/MicroBlaze_Core_I/Performance.Core/Data_Flow_I/FPU_I/Use_FPU.FPU_MUL_I/Use_DSP48E1.dsp_module_lower/Using_DSP48E1.DSP48E1_I1/Using_FPGA.DSP48E1_I1 input hdmi_i/microblaze_i0/U0/MicroBlaze_Core_I/Performance.Core/Data_Flow_I/FPU_I/Use_FPU.FPU_MUL_I/Use_DSP48E1.dsp_module_lower/Using_DSP48E1.DSP48E1_I1/Using_FPGA.DSP48E1_I1/A[29:0] is not pipelined. Pipelining DSP48 input will improve performance.
WARNING: [DRC DPIP-1] Input pipelining: DSP hdmi_i/microblaze_i0/U0/MicroBlaze_Core_I/Performance.Core/Data_Flow_I/FPU_I/Use_FPU.FPU_MUL_I/Use_DSP48E1.dsp_module_lower/Using_DSP48E1.DSP48E1_I1/Using_FPGA.DSP48E1_I1 input hdmi_i/microblaze_i0/U0/MicroBlaze_Core_I/Performance.Core/Data_Flow_I/FPU_I/Use_FPU.FPU_MUL_I/Use_DSP48E1.dsp_module_lower/Using_DSP48E1.DSP48E1_I1/Using_FPGA.DSP48E1_I1/B[17:0] is not pipelined. Pipelining DSP48 input will improve performance.
WARNING: [DRC DPIP-1] Input pipelining: DSP hdmi_i/microblaze_i0/U0/MicroBlaze_Core_I/Performance.Core/Data_Flow_I/FPU_I/Use_FPU.FPU_MUL_I/Use_DSP48E1.dsp_module_upper/Using_DSP48E1.DSP48E1_I1/Using_FPGA.DSP48E1_I1 input hdmi_i/microblaze_i0/U0/MicroBlaze_Core_I/Performance.Core/Data_Flow_I/FPU_I/Use_FPU.FPU_MUL_I/Use_DSP48E1.dsp_module_upper/Using_DSP48E1.DSP48E1_I1/Using_FPGA.DSP48E1_I1/A[29:0] is not pipelined. Pipelining DSP48 input will improve performance.
WARNING: [DRC DPIP-1] Input pipelining: DSP hdmi_i/microblaze_i0/U0/MicroBlaze_Core_I/Performance.Core/Data_Flow_I/FPU_I/Use_FPU.FPU_MUL_I/Use_DSP48E1.dsp_module_upper/Using_DSP48E1.DSP48E1_I1/Using_FPGA.DSP48E1_I1 input hdmi_i/microblaze_i0/U0/MicroBlaze_Core_I/Performance.Core/Data_Flow_I/FPU_I/Use_FPU.FPU_MUL_I/Use_DSP48E1.dsp_module_upper/Using_DSP48E1.DSP48E1_I1/Using_FPGA.DSP48E1_I1/B[17:0] is not pipelined. Pipelining DSP48 input will improve performance.
WARNING: [DRC DPIP-1] Input pipelining: DSP hdmi_i/microblaze_i0/U0/MicroBlaze_Core_I/Performance.Core/Data_Flow_I/MUL_Unit_I/Use_HW_MUL.Using_DSP48_Architectures.Doing_mul64.Virtex_MUL64.dsp_module_I2/Using_DSP48E1.DSP48E1_I1/Using_FPGA.DSP48E1_I1 input hdmi_i/microblaze_i0/U0/MicroBlaze_Core_I/Performance.Core/Data_Flow_I/MUL_Unit_I/Use_HW_MUL.Using_DSP48_Architectures.Doing_mul64.Virtex_MUL64.dsp_module_I2/Using_DSP48E1.DSP48E1_I1/Using_FPGA.DSP48E1_I1/A[29:0] is not pipelined. Pipelining DSP48 input will improve performance.
WARNING: [DRC DPIP-1] Input pipelining: DSP hdmi_i/microblaze_i0/U0/MicroBlaze_Core_I/Performance.Core/Data_Flow_I/MUL_Unit_I/Use_HW_MUL.Using_DSP48_Architectures.Doing_mul64.Virtex_MUL64.dsp_module_I2/Using_DSP48E1.DSP48E1_I1/Using_FPGA.DSP48E1_I1 input hdmi_i/microblaze_i0/U0/MicroBlaze_Core_I/Performance.Core/Data_Flow_I/MUL_Unit_I/Use_HW_MUL.Using_DSP48_Architectures.Doing_mul64.Virtex_MUL64.dsp_module_I2/Using_DSP48E1.DSP48E1_I1/Using_FPGA.DSP48E1_I1/B[17:0] is not pipelined. Pipelining DSP48 input will improve performance.
WARNING: [DRC DPIP-1] Input pipelining: DSP hdmi_i/microblaze_i0/U0/MicroBlaze_Core_I/Performance.Core/Data_Flow_I/MUL_Unit_I/Use_HW_MUL.Using_DSP48_Architectures.Doing_mul64.Virtex_MUL64.dsp_module_I3/Using_DSP48E1.DSP48E1_I1/Using_FPGA.DSP48E1_I1 input hdmi_i/microblaze_i0/U0/MicroBlaze_Core_I/Performance.Core/Data_Flow_I/MUL_Unit_I/Use_HW_MUL.Using_DSP48_Architectures.Doing_mul64.Virtex_MUL64.dsp_module_I3/Using_DSP48E1.DSP48E1_I1/Using_FPGA.DSP48E1_I1/A[29:0] is not pipelined. Pipelining DSP48 input will improve performance.
WARNING: [DRC DPIP-1] Input pipelining: DSP hdmi_i/microblaze_i0/U0/MicroBlaze_Core_I/Performance.Core/Data_Flow_I/MUL_Unit_I/Use_HW_MUL.Using_DSP48_Architectures.Doing_mul64.Virtex_MUL64.dsp_module_I3/Using_DSP48E1.DSP48E1_I1/Using_FPGA.DSP48E1_I1 input hdmi_i/microblaze_i0/U0/MicroBlaze_Core_I/Performance.Core/Data_Flow_I/MUL_Unit_I/Use_HW_MUL.Using_DSP48_Architectures.Doing_mul64.Virtex_MUL64.dsp_module_I3/Using_DSP48E1.DSP48E1_I1/Using_FPGA.DSP48E1_I1/B[17:0] is not pipelined. Pipelining DSP48 input will improve performance.
WARNING: [DRC DPIP-1] Input pipelining: DSP hdmi_i/microblaze_i0/U0/MicroBlaze_Core_I/Performance.Core/Data_Flow_I/MUL_Unit_I/Use_HW_MUL.Using_DSP48_Architectures.Doing_mul64.Virtex_MUL64.dsp_module_I4/Using_DSP48E1.DSP48E1_I1/Using_FPGA.DSP48E1_I1 input hdmi_i/microblaze_i0/U0/MicroBlaze_Core_I/Performance.Core/Data_Flow_I/MUL_Unit_I/Use_HW_MUL.Using_DSP48_Architectures.Doing_mul64.Virtex_MUL64.dsp_module_I4/Using_DSP48E1.DSP48E1_I1/Using_FPGA.DSP48E1_I1/A[29:0] is not pipelined. Pipelining DSP48 input will improve performance.
WARNING: [DRC DPIP-1] Input pipelining: DSP hdmi_i/microblaze_i0/U0/MicroBlaze_Core_I/Performance.Core/Data_Flow_I/MUL_Unit_I/Use_HW_MUL.Using_DSP48_Architectures.Doing_mul64.Virtex_MUL64.dsp_module_I4/Using_DSP48E1.DSP48E1_I1/Using_FPGA.DSP48E1_I1 input hdmi_i/microblaze_i0/U0/MicroBlaze_Core_I/Performance.Core/Data_Flow_I/MUL_Unit_I/Use_HW_MUL.Using_DSP48_Architectures.Doing_mul64.Virtex_MUL64.dsp_module_I4/Using_DSP48E1.DSP48E1_I1/Using_FPGA.DSP48E1_I1/B[17:0] is not pipelined. Pipelining DSP48 input will improve performance.
WARNING: [DRC DPIP-1] Input pipelining: DSP hdmi_i/microblaze_i0/U0/MicroBlaze_Core_I/Performance.Core/Data_Flow_I/MUL_Unit_I/Use_HW_MUL.Using_DSP48_Architectures.dsp_module_I1/Using_DSP48E1.DSP48E1_I1/Using_FPGA.DSP48E1_I1 input hdmi_i/microblaze_i0/U0/MicroBlaze_Core_I/Performance.Core/Data_Flow_I/MUL_Unit_I/Use_HW_MUL.Using_DSP48_Architectures.dsp_module_I1/Using_DSP48E1.DSP48E1_I1/Using_FPGA.DSP48E1_I1/A[29:0] is not pipelined. Pipelining DSP48 input will improve performance.
WARNING: [DRC DPIP-1] Input pipelining: DSP hdmi_i/microblaze_i0/U0/MicroBlaze_Core_I/Performance.Core/Data_Flow_I/MUL_Unit_I/Use_HW_MUL.Using_DSP48_Architectures.dsp_module_I1/Using_DSP48E1.DSP48E1_I1/Using_FPGA.DSP48E1_I1 input hdmi_i/microblaze_i0/U0/MicroBlaze_Core_I/Performance.Core/Data_Flow_I/MUL_Unit_I/Use_HW_MUL.Using_DSP48_Architectures.dsp_module_I1/Using_DSP48E1.DSP48E1_I1/Using_FPGA.DSP48E1_I1/B[17:0] is not pipelined. Pipelining DSP48 input will improve performance.
WARNING: [DRC DPIP-1] Input pipelining: DSP hdmi_i/microblaze_i0/U0/MicroBlaze_Core_I/Performance.Core/Use_Debug_Logic.Master_Core.Debug_Perf/Use_Statistics.Debug_Stat_I/all_statistics_counters[5].Debug_Stat_Counter_i/Gen_Access_Counter.Using_DSP48_Architectures.No_MUL64.dsp_module_I2/Using_DSP48E1.DSP48E1_I1/Using_FPGA.DSP48E1_I1 input hdmi_i/microblaze_i0/U0/MicroBlaze_Core_I/Performance.Core/Use_Debug_Logic.Master_Core.Debug_Perf/Use_Statistics.Debug_Stat_I/all_statistics_counters[5].Debug_Stat_Counter_i/Gen_Access_Counter.Using_DSP48_Architectures.No_MUL64.dsp_module_I2/Using_DSP48E1.DSP48E1_I1/Using_FPGA.DSP48E1_I1/B[17:0] is not pipelined. Pipelining DSP48 input will improve performance.
WARNING: [DRC DPIP-1] Input pipelining: DSP hdmi_i/microblaze_i0/U0/MicroBlaze_Core_I/Performance.Core/Use_Debug_Logic.Master_Core.Debug_Perf/Use_Statistics.Debug_Stat_I/all_statistics_counters[5].Debug_Stat_Counter_i/Gen_Access_Counter.Using_DSP48_Architectures.dsp_module_I1/Using_DSP48E1.DSP48E1_I1/Using_FPGA.DSP48E1_I1 input hdmi_i/microblaze_i0/U0/MicroBlaze_Core_I/Performance.Core/Use_Debug_Logic.Master_Core.Debug_Perf/Use_Statistics.Debug_Stat_I/all_statistics_counters[5].Debug_Stat_Counter_i/Gen_Access_Counter.Using_DSP48_Architectures.dsp_module_I1/Using_DSP48E1.DSP48E1_I1/Using_FPGA.DSP48E1_I1/A[29:0] is not pipelined. Pipelining DSP48 input will improve performance.
WARNING: [DRC DPIP-1] Input pipelining: DSP hdmi_i/microblaze_i0/U0/MicroBlaze_Core_I/Performance.Core/Use_Debug_Logic.Master_Core.Debug_Perf/Use_Statistics.Debug_Stat_I/all_statistics_counters[5].Debug_Stat_Counter_i/Gen_Access_Counter.Using_DSP48_Architectures.dsp_module_I1/Using_DSP48E1.DSP48E1_I1/Using_FPGA.DSP48E1_I1 input hdmi_i/microblaze_i0/U0/MicroBlaze_Core_I/Performance.Core/Use_Debug_Logic.Master_Core.Debug_Perf/Use_Statistics.Debug_Stat_I/all_statistics_counters[5].Debug_Stat_Counter_i/Gen_Access_Counter.Using_DSP48_Architectures.dsp_module_I1/Using_DSP48E1.DSP48E1_I1/Using_FPGA.DSP48E1_I1/B[17:0] is not pipelined. Pipelining DSP48 input will improve performance.
WARNING: [DRC DPOP-1] PREG Output pipelining: DSP hdmi_i/microblaze_i0/U0/MicroBlaze_Core_I/Performance.Core/Data_Flow_I/FPU_I/Use_FPU.FPU_MUL_I/Use_DSP48E1.dsp_module_lower/Using_DSP48E1.DSP48E1_I1/Using_FPGA.DSP48E1_I1 output hdmi_i/microblaze_i0/U0/MicroBlaze_Core_I/Performance.Core/Data_Flow_I/FPU_I/Use_FPU.FPU_MUL_I/Use_DSP48E1.dsp_module_lower/Using_DSP48E1.DSP48E1_I1/Using_FPGA.DSP48E1_I1/PATTERNDETECT is not pipelined (PREG=0). Pipelining the DSP48 output will improve performance and often saves power so it is suggested whenever possible to fully pipeline this function.  If this DSP48 function was inferred, it is suggested to describe an additional register stage after this function.  If the DSP48 was instantiated in the design, it is suggested to set the PREG attribute to 1.
WARNING: [DRC DPOP-1] PREG Output pipelining: DSP hdmi_i/microblaze_i0/U0/MicroBlaze_Core_I/Performance.Core/Data_Flow_I/MUL_Unit_I/Use_HW_MUL.Using_DSP48_Architectures.Doing_mul64.Virtex_MUL64.dsp_module_I3/Using_DSP48E1.DSP48E1_I1/Using_FPGA.DSP48E1_I1 output hdmi_i/microblaze_i0/U0/MicroBlaze_Core_I/Performance.Core/Data_Flow_I/MUL_Unit_I/Use_HW_MUL.Using_DSP48_Architectures.Doing_mul64.Virtex_MUL64.dsp_module_I3/Using_DSP48E1.DSP48E1_I1/Using_FPGA.DSP48E1_I1/P[47:0] is not pipelined (PREG=0). Pipelining the DSP48 output will improve performance and often saves power so it is suggested whenever possible to fully pipeline this function.  If this DSP48 function was inferred, it is suggested to describe an additional register stage after this function.  If the DSP48 was instantiated in the design, it is suggested to set the PREG attribute to 1.
WARNING: [DRC DPOP-1] PREG Output pipelining: DSP hdmi_i/microblaze_i0/U0/MicroBlaze_Core_I/Performance.Core/Use_Debug_Logic.Master_Core.Debug_Perf/Use_Statistics.Debug_Stat_I/all_statistics_counters[5].Debug_Stat_Counter_i/Gen_Access_Counter.Using_DSP48_Architectures.No_MUL64.dsp_module_I3/Using_DSP48E1.DSP48E1_I1/Using_FPGA.DSP48E1_I1 output hdmi_i/microblaze_i0/U0/MicroBlaze_Core_I/Performance.Core/Use_Debug_Logic.Master_Core.Debug_Perf/Use_Statistics.Debug_Stat_I/all_statistics_counters[5].Debug_Stat_Counter_i/Gen_Access_Counter.Using_DSP48_Architectures.No_MUL64.dsp_module_I3/Using_DSP48E1.DSP48E1_I1/Using_FPGA.DSP48E1_I1/P[47:0] is not pipelined (PREG=0). Pipelining the DSP48 output will improve performance and often saves power so it is suggested whenever possible to fully pipeline this function.  If this DSP48 function was inferred, it is suggested to describe an additional register stage after this function.  If the DSP48 was instantiated in the design, it is suggested to set the PREG attribute to 1.
WARNING: [DRC DPOP-2] MREG Output pipelining: DSP hdmi_i/microblaze_i0/U0/MicroBlaze_Core_I/Performance.Core/Data_Flow_I/MUL_Unit_I/Use_HW_MUL.Using_DSP48_Architectures.dsp_module_I1/Using_DSP48E1.DSP48E1_I1/Using_FPGA.DSP48E1_I1 multiplier stage hdmi_i/microblaze_i0/U0/MicroBlaze_Core_I/Performance.Core/Data_Flow_I/MUL_Unit_I/Use_HW_MUL.Using_DSP48_Architectures.dsp_module_I1/Using_DSP48E1.DSP48E1_I1/Using_FPGA.DSP48E1_I1/P[47:0] is not pipelined (MREG=0). Pipelining the multiplier function will improve performance and will save significant power so it is suggested whenever possible to fully pipeline this function.  If this multiplier was inferred, it is suggested to describe an additional register stage after this function.  If there is no registered adder/accumulator following the multiply function, two pipeline stages are suggested to allow both the MREG and PREG registers to be used.  If the DSP48 was instantiated in the design, it is suggested to set both the MREG and PREG attributes to 1 when performing multiply functions.
WARNING: [DRC DPOP-2] MREG Output pipelining: DSP hdmi_i/microblaze_i0/U0/MicroBlaze_Core_I/Performance.Core/Use_Debug_Logic.Master_Core.Debug_Perf/Use_Statistics.Debug_Stat_I/all_statistics_counters[5].Debug_Stat_Counter_i/Gen_Access_Counter.Using_DSP48_Architectures.dsp_module_I1/Using_DSP48E1.DSP48E1_I1/Using_FPGA.DSP48E1_I1 multiplier stage hdmi_i/microblaze_i0/U0/MicroBlaze_Core_I/Performance.Core/Use_Debug_Logic.Master_Core.Debug_Perf/Use_Statistics.Debug_Stat_I/all_statistics_counters[5].Debug_Stat_Counter_i/Gen_Access_Counter.Using_DSP48_Architectures.dsp_module_I1/Using_DSP48E1.DSP48E1_I1/Using_FPGA.DSP48E1_I1/P[47:0] is not pipelined (MREG=0). Pipelining the multiplier function will improve performance and will save significant power so it is suggested whenever possible to fully pipeline this function.  If this multiplier was inferred, it is suggested to describe an additional register stage after this function.  If there is no registered adder/accumulator following the multiply function, two pipeline stages are suggested to allow both the MREG and PREG registers to be used.  If the DSP48 was instantiated in the design, it is suggested to set both the MREG and PREG attributes to 1 when performing multiply functions.
WARNING: [DRC REQP-1709] Clock output buffering: PLLE2_ADV connectivity violation. The signal hdmi_i/mig_i0/u_hdmi_mig_7series_0_0_mig/u_ddr3_infrastructure/pll_clk3_out on the hdmi_i/mig_i0/u_hdmi_mig_7series_0_0_mig/u_ddr3_infrastructure/plle2_i/CLKOUT3 pin of hdmi_i/mig_i0/u_hdmi_mig_7series_0_0_mig/u_ddr3_infrastructure/plle2_i does not drive the same kind of BUFFER load as the other CLKOUT pins. Routing from the different buffer types will not be phase aligned.
WARNING: [DRC REQP-1839] RAMB36 async control check: The RAMB36E1 hdmi_i/vdma_i0/U0/I_PRMRY_DATAMOVER/GEN_MM2S_FULL.I_MM2S_FULL_WRAPPER/GEN_INCLUDE_MM2S_SF.I_RD_SF/I_DATA_FIFO/BLK_MEM.I_SYNC_FIFOGEN_FIFO/xpm_fifo_instance.xpm_fifo_sync_inst/xpm_fifo_base_inst/gen_sdpram.xpm_memory_base_inst/gen_wr_a.gen_word_narrow.mem_reg_0 has an input control pin hdmi_i/vdma_i0/U0/I_PRMRY_DATAMOVER/GEN_MM2S_FULL.I_MM2S_FULL_WRAPPER/GEN_INCLUDE_MM2S_SF.I_RD_SF/I_DATA_FIFO/BLK_MEM.I_SYNC_FIFOGEN_FIFO/xpm_fifo_instance.xpm_fifo_sync_inst/xpm_fifo_base_inst/gen_sdpram.xpm_memory_base_inst/gen_wr_a.gen_word_narrow.mem_reg_0/ENARDEN (net: hdmi_i/vdma_i0/U0/I_PRMRY_DATAMOVER/GEN_MM2S_FULL.I_MM2S_FULL_WRAPPER/GEN_INCLUDE_MM2S_SF.I_RD_SF/I_DATA_FIFO/BLK_MEM.I_SYNC_FIFOGEN_FIFO/xpm_fifo_instance.xpm_fifo_sync_inst/xpm_fifo_base_inst/gen_sdpram.xpm_memory_base_inst/enb) which is driven by a register (hdmi_i/vdma_i0/U0/GEN_SPRT_FOR_MM2S.MM2S_LINEBUFFER_I/GEN_LINEBUF_NO_SOF.GEN_LINEBUFFER.GEN_ASYNC_FIFO.LB_BUILT_IN.I_LINEBUFFER_FIFO/fg_builtin_fifo_inst/inst_fifo_gen/gconvfifo.rf/gbi.bi/g7ser_birst.rstbt/rsync.ric.rd_rst_reg_reg) that has an active asychronous set or reset. This may cause corruption of the memory contents and/or read values when the set/reset is asserted and is not analyzed by the default static timing analysis. It is suggested to eliminate the use of a set/reset to registers driving this RAMB pin or else use a synchronous reset in which the assertion of the reset is timed by default.
WARNING: [DRC REQP-1839] RAMB36 async control check: The RAMB36E1 hdmi_i/vdma_i0/U0/I_PRMRY_DATAMOVER/GEN_MM2S_FULL.I_MM2S_FULL_WRAPPER/GEN_INCLUDE_MM2S_SF.I_RD_SF/I_DATA_FIFO/BLK_MEM.I_SYNC_FIFOGEN_FIFO/xpm_fifo_instance.xpm_fifo_sync_inst/xpm_fifo_base_inst/gen_sdpram.xpm_memory_base_inst/gen_wr_a.gen_word_narrow.mem_reg_1 has an input control pin hdmi_i/vdma_i0/U0/I_PRMRY_DATAMOVER/GEN_MM2S_FULL.I_MM2S_FULL_WRAPPER/GEN_INCLUDE_MM2S_SF.I_RD_SF/I_DATA_FIFO/BLK_MEM.I_SYNC_FIFOGEN_FIFO/xpm_fifo_instance.xpm_fifo_sync_inst/xpm_fifo_base_inst/gen_sdpram.xpm_memory_base_inst/gen_wr_a.gen_word_narrow.mem_reg_1/ENARDEN (net: hdmi_i/vdma_i0/U0/I_PRMRY_DATAMOVER/GEN_MM2S_FULL.I_MM2S_FULL_WRAPPER/GEN_INCLUDE_MM2S_SF.I_RD_SF/I_DATA_FIFO/BLK_MEM.I_SYNC_FIFOGEN_FIFO/xpm_fifo_instance.xpm_fifo_sync_inst/xpm_fifo_base_inst/gen_sdpram.xpm_memory_base_inst/enb) which is driven by a register (hdmi_i/vdma_i0/U0/GEN_SPRT_FOR_MM2S.MM2S_LINEBUFFER_I/GEN_LINEBUF_NO_SOF.GEN_LINEBUFFER.GEN_ASYNC_FIFO.LB_BUILT_IN.I_LINEBUFFER_FIFO/fg_builtin_fifo_inst/inst_fifo_gen/gconvfifo.rf/gbi.bi/g7ser_birst.rstbt/rsync.ric.rd_rst_reg_reg) that has an active asychronous set or reset. This may cause corruption of the memory contents and/or read values when the set/reset is asserted and is not analyzed by the default static timing analysis. It is suggested to eliminate the use of a set/reset to registers driving this RAMB pin or else use a synchronous reset in which the assertion of the reset is timed by default.
WARNING: [DRC REQP-1840] RAMB18 async control check: The RAMB18E1 hdmi_i/vdma_i0/U0/I_PRMRY_DATAMOVER/GEN_MM2S_FULL.I_MM2S_FULL_WRAPPER/GEN_INCLUDE_MM2S_SF.I_RD_SF/I_DATA_FIFO/BLK_MEM.I_SYNC_FIFOGEN_FIFO/xpm_fifo_instance.xpm_fifo_sync_inst/xpm_fifo_base_inst/gen_sdpram.xpm_memory_base_inst/gen_wr_a.gen_word_narrow.mem_reg_2 has an input control pin hdmi_i/vdma_i0/U0/I_PRMRY_DATAMOVER/GEN_MM2S_FULL.I_MM2S_FULL_WRAPPER/GEN_INCLUDE_MM2S_SF.I_RD_SF/I_DATA_FIFO/BLK_MEM.I_SYNC_FIFOGEN_FIFO/xpm_fifo_instance.xpm_fifo_sync_inst/xpm_fifo_base_inst/gen_sdpram.xpm_memory_base_inst/gen_wr_a.gen_word_narrow.mem_reg_2/ENARDEN (net: hdmi_i/vdma_i0/U0/I_PRMRY_DATAMOVER/GEN_MM2S_FULL.I_MM2S_FULL_WRAPPER/GEN_INCLUDE_MM2S_SF.I_RD_SF/I_DATA_FIFO/BLK_MEM.I_SYNC_FIFOGEN_FIFO/xpm_fifo_instance.xpm_fifo_sync_inst/xpm_fifo_base_inst/gen_sdpram.xpm_memory_base_inst/enb) which is driven by a register (hdmi_i/vdma_i0/U0/GEN_SPRT_FOR_MM2S.MM2S_LINEBUFFER_I/GEN_LINEBUF_NO_SOF.GEN_LINEBUFFER.GEN_ASYNC_FIFO.LB_BUILT_IN.I_LINEBUFFER_FIFO/fg_builtin_fifo_inst/inst_fifo_gen/gconvfifo.rf/gbi.bi/g7ser_birst.rstbt/rsync.ric.rd_rst_reg_reg) that has an active asychronous set or reset. This may cause corruption of the memory contents and/or read values when the set/reset is asserted and is not analyzed by the default static timing analysis. It is suggested to eliminate the use of a set/reset to registers driving this RAMB pin or else use a synchronous reset in which the assertion of the reset is timed by default.
WARNING: [DRC RTSTAT-10] No routable loads: 15 net(s) have no routable loads. The problem bus(es) and/or net(s) are hdmi_i/axi_interconn_i1/m00_couplers/auto_ds/inst/gen_downsizer.gen_simple_downsizer.axi_downsizer_inst/USE_WRITE.write_addr_inst/cmd_queue/inst/fifo_gen_inst/inst_fifo_gen/gconvfifo.rf/grf.rf/gntv_or_sync_fifo.gl0.rd/gr1.gr1_int.rfwft/aempty_fwft_i, hdmi_i/axi_interconn_i1/m00_couplers/auto_ds/inst/gen_downsizer.gen_simple_downsizer.axi_downsizer_inst/USE_WRITE.write_addr_inst/USE_B_CHANNEL.cmd_b_queue/inst/fifo_gen_inst/inst_fifo_gen/gconvfifo.rf/grf.rf/gntv_or_sync_fifo.gl0.rd/gr1.gr1_int.rfwft/aempty_fwft_i, hdmi_i/axi_interconn_i1/m00_couplers/auto_ds/inst/gen_downsizer.gen_simple_downsizer.axi_downsizer_inst/USE_READ.read_addr_inst/cmd_queue/inst/fifo_gen_inst/inst_fifo_gen/gconvfifo.rf/grf.rf/gntv_or_sync_fifo.gl0.rd/gr1.gr1_int.rfwft/aempty_fwft_i, hdmi_i/axi_interconn_i1/m00_couplers/auto_ds/inst/gen_downsizer.gen_simple_downsizer.axi_downsizer_inst/USE_WRITE.write_addr_inst/cmd_queue/inst/fifo_gen_inst/inst_fifo_gen/gconvfifo.rf/grf.rf/gntv_or_sync_fifo.gl0.wr/gwss.wsts/ram_afull_fb, hdmi_i/axi_interconn_i1/m00_couplers/auto_ds/inst/gen_downsizer.gen_simple_downsizer.axi_downsizer_inst/USE_WRITE.write_addr_inst/USE_B_CHANNEL.cmd_b_queue/inst/fifo_gen_inst/inst_fifo_gen/gconvfifo.rf/grf.rf/gntv_or_sync_fifo.gl0.wr/gwss.wsts/ram_afull_fb, hdmi_i/axi_interconn_i1/m00_couplers/auto_ds/inst/gen_downsizer.gen_simple_downsizer.axi_downsizer_inst/USE_READ.read_addr_inst/cmd_queue/inst/fifo_gen_inst/inst_fifo_gen/gconvfifo.rf/grf.rf/gntv_or_sync_fifo.gl0.wr/gwss.wsts/ram_afull_fb, hdmi_i/axi_interconn_i1/m00_couplers/auto_ds/inst/gen_downsizer.gen_simple_downsizer.axi_downsizer_inst/USE_WRITE.write_addr_inst/cmd_queue/inst/fifo_gen_inst/inst_fifo_gen/gconvfifo.rf/grf.rf/gntv_or_sync_fifo.gl0.wr/gwss.wsts/ram_afull_i, hdmi_i/axi_interconn_i1/m00_couplers/auto_ds/inst/gen_downsizer.gen_simple_downsizer.axi_downsizer_inst/USE_WRITE.write_addr_inst/USE_B_CHANNEL.cmd_b_queue/inst/fifo_gen_inst/inst_fifo_gen/gconvfifo.rf/grf.rf/gntv_or_sync_fifo.gl0.wr/gwss.wsts/ram_afull_i, hdmi_i/axi_interconn_i1/m00_couplers/auto_ds/inst/gen_downsizer.gen_simple_downsizer.axi_downsizer_inst/USE_READ.read_addr_inst/cmd_queue/inst/fifo_gen_inst/inst_fifo_gen/gconvfifo.rf/grf.rf/gntv_or_sync_fifo.gl0.wr/gwss.wsts/ram_afull_i, hdmi_i/axi_interconn_i1/m00_couplers/auto_ds/inst/gen_downsizer.gen_simple_downsizer.axi_downsizer_inst/USE_WRITE.write_addr_inst/cmd_queue/inst/fifo_gen_inst/inst_fifo_gen/gconvfifo.rf/grf.rf/gntv_or_sync_fifo.gl0.rd/grss.rsts/ram_empty_i, hdmi_i/axi_interconn_i1/m00_couplers/auto_ds/inst/gen_downsizer.gen_simple_downsizer.axi_downsizer_inst/USE_WRITE.write_addr_inst/USE_B_CHANNEL.cmd_b_queue/inst/fifo_gen_inst/inst_fifo_gen/gconvfifo.rf/grf.rf/gntv_or_sync_fifo.gl0.rd/grss.rsts/ram_empty_i, hdmi_i/axi_interconn_i1/m00_couplers/auto_ds/inst/gen_downsizer.gen_simple_downsizer.axi_downsizer_inst/USE_READ.read_addr_inst/cmd_queue/inst/fifo_gen_inst/inst_fifo_gen/gconvfifo.rf/grf.rf/gntv_or_sync_fifo.gl0.rd/grss.rsts/ram_empty_i, hdmi_i/axi_interconn_i1/m00_couplers/auto_ds/inst/gen_downsizer.gen_simple_downsizer.axi_downsizer_inst/USE_WRITE.write_addr_inst/cmd_queue/inst/fifo_gen_inst/inst_fifo_gen/gconvfifo.rf/grf.rf/gntv_or_sync_fifo.gl0.rd/gr1.gr1_int.rfwft/user_valid, hdmi_i/axi_interconn_i1/m00_couplers/auto_ds/inst/gen_downsizer.gen_simple_downsizer.axi_downsizer_inst/USE_WRITE.write_addr_inst/USE_B_CHANNEL.cmd_b_queue/inst/fifo_gen_inst/inst_fifo_gen/gconvfifo.rf/grf.rf/gntv_or_sync_fifo.gl0.rd/gr1.gr1_int.rfwft/user_valid, and hdmi_i/axi_interconn_i1/m00_couplers/auto_ds/inst/gen_downsizer.gen_simple_downsizer.axi_downsizer_inst/USE_READ.read_addr_inst/cmd_queue/inst/fifo_gen_inst/inst_fifo_gen/gconvfifo.rf/grf.rf/gntv_or_sync_fifo.gl0.rd/gr1.gr1_int.rfwft/user_valid.
INFO: [DRC REQP-165] writefirst: Synchronous clocking is detected for BRAM (hdmi_i/vdma_i0/U0/I_PRMRY_DATAMOVER/GEN_MM2S_FULL.I_MM2S_FULL_WRAPPER/GEN_INCLUDE_MM2S_SF.I_RD_SF/I_DATA_FIFO/BLK_MEM.I_SYNC_FIFOGEN_FIFO/xpm_fifo_instance.xpm_fifo_sync_inst/xpm_fifo_base_inst/gen_sdpram.xpm_memory_base_inst/gen_wr_a.gen_word_narrow.mem_reg_2) in SDP mode with WRITE_FIRST write-mode. This is the preferred mode for best power characteristics, however it may exhibit address collisions if the same address appears on both read and write ports resulting in unknown or corrupted read data. It is suggested to confirm via simulation that an address collision never occurs and if so it is suggested to try and avoid this situation. If address collisions cannot be avoided, the write-mode may be set to READ_FIRST which guarantees that the read data is the prior contents of the memory at the cost of additional power in the design. See the FPGA Memory Resources User Guide for additional information.
INFO: [DRC REQP-165] writefirst: Synchronous clocking is detected for BRAM (hdmi_i/vdma_i0/U0/I_PRMRY_DATAMOVER/GEN_S2MM_FULL.I_S2MM_FULL_WRAPPER/GEN_ENABLE_INDET_BTT_SF.I_INDET_BTT/I_DATA_FIFO/BLK_MEM.I_SYNC_FIFOGEN_FIFO/xpm_fifo_instance.xpm_fifo_sync_inst/xpm_fifo_base_inst/gen_sdpram.xpm_memory_base_inst/gen_wr_a.gen_word_narrow.mem_reg_2) in SDP mode with WRITE_FIRST write-mode. This is the preferred mode for best power characteristics, however it may exhibit address collisions if the same address appears on both read and write ports resulting in unknown or corrupted read data. It is suggested to confirm via simulation that an address collision never occurs and if so it is suggested to try and avoid this situation. If address collisions cannot be avoided, the write-mode may be set to READ_FIRST which guarantees that the read data is the prior contents of the memory at the cost of additional power in the design. See the FPGA Memory Resources User Guide for additional information.
INFO: [DRC REQP-181] writefirst: Synchronous clocking is detected for BRAM (hdmi_i/vdma_i0/U0/I_PRMRY_DATAMOVER/GEN_MM2S_FULL.I_MM2S_FULL_WRAPPER/GEN_INCLUDE_MM2S_SF.I_RD_SF/I_DATA_FIFO/BLK_MEM.I_SYNC_FIFOGEN_FIFO/xpm_fifo_instance.xpm_fifo_sync_inst/xpm_fifo_base_inst/gen_sdpram.xpm_memory_base_inst/gen_wr_a.gen_word_narrow.mem_reg_0) in SDP mode with WRITE_FIRST write-mode. This is the preferred mode for best power characteristics, however it may exhibit address collisions if the same address appears on both read and write ports resulting in unknown or corrupted read data. It is suggested to confirm via simulation that an address collision never occurs and if so it is suggested to try and avoid this situation. If address collisions cannot be avoided, the write-mode may be set to READ_FIRST which guarantees that the read data is the prior contents of the memory at the cost of additional power in the design. See the FPGA Memory Resources User Guide for additional information.
INFO: [DRC REQP-181] writefirst: Synchronous clocking is detected for BRAM (hdmi_i/vdma_i0/U0/I_PRMRY_DATAMOVER/GEN_MM2S_FULL.I_MM2S_FULL_WRAPPER/GEN_INCLUDE_MM2S_SF.I_RD_SF/I_DATA_FIFO/BLK_MEM.I_SYNC_FIFOGEN_FIFO/xpm_fifo_instance.xpm_fifo_sync_inst/xpm_fifo_base_inst/gen_sdpram.xpm_memory_base_inst/gen_wr_a.gen_word_narrow.mem_reg_1) in SDP mode with WRITE_FIRST write-mode. This is the preferred mode for best power characteristics, however it may exhibit address collisions if the same address appears on both read and write ports resulting in unknown or corrupted read data. It is suggested to confirm via simulation that an address collision never occurs and if so it is suggested to try and avoid this situation. If address collisions cannot be avoided, the write-mode may be set to READ_FIRST which guarantees that the read data is the prior contents of the memory at the cost of additional power in the design. See the FPGA Memory Resources User Guide for additional information.
INFO: [DRC REQP-181] writefirst: Synchronous clocking is detected for BRAM (hdmi_i/vdma_i0/U0/I_PRMRY_DATAMOVER/GEN_S2MM_FULL.I_S2MM_FULL_WRAPPER/GEN_ENABLE_INDET_BTT_SF.I_INDET_BTT/I_DATA_FIFO/BLK_MEM.I_SYNC_FIFOGEN_FIFO/xpm_fifo_instance.xpm_fifo_sync_inst/xpm_fifo_base_inst/gen_sdpram.xpm_memory_base_inst/gen_wr_a.gen_word_narrow.mem_reg_0) in SDP mode with WRITE_FIRST write-mode. This is the preferred mode for best power characteristics, however it may exhibit address collisions if the same address appears on both read and write ports resulting in unknown or corrupted read data. It is suggested to confirm via simulation that an address collision never occurs and if so it is suggested to try and avoid this situation. If address collisions cannot be avoided, the write-mode may be set to READ_FIRST which guarantees that the read data is the prior contents of the memory at the cost of additional power in the design. See the FPGA Memory Resources User Guide for additional information.
INFO: [DRC REQP-181] writefirst: Synchronous clocking is detected for BRAM (hdmi_i/vdma_i0/U0/I_PRMRY_DATAMOVER/GEN_S2MM_FULL.I_S2MM_FULL_WRAPPER/GEN_ENABLE_INDET_BTT_SF.I_INDET_BTT/I_DATA_FIFO/BLK_MEM.I_SYNC_FIFOGEN_FIFO/xpm_fifo_instance.xpm_fifo_sync_inst/xpm_fifo_base_inst/gen_sdpram.xpm_memory_base_inst/gen_wr_a.gen_word_narrow.mem_reg_1) in SDP mode with WRITE_FIRST write-mode. This is the preferred mode for best power characteristics, however it may exhibit address collisions if the same address appears on both read and write ports resulting in unknown or corrupted read data. It is suggested to confirm via simulation that an address collision never occurs and if so it is suggested to try and avoid this situation. If address collisions cannot be avoided, the write-mode may be set to READ_FIRST which guarantees that the read data is the prior contents of the memory at the cost of additional power in the design. See the FPGA Memory Resources User Guide for additional information.
INFO: [Vivado 12-3199] DRC finished with 0 Errors, 28 Warnings, 6 Advisories
INFO: [Vivado 12-3200] Please refer to the DRC report (report_drc) for more information.
INFO: [Memdata 28-144] Successfully populated the BRAM INIT strings from the following elf files: c:/proj_HoloFrame/fpga/NexysVideo_HDMI/src/bd/hdmi/ip/hdmi_microblaze_0_0/data/mb_bootloop_le.elf 
INFO: [Project 1-821] Please set project.enableDesignId to be 'true'.
INFO: [Designutils 20-2272] Running write_bitstream with 2 threads.
Loading data files...
Loading site data...
Loading route data...
Processing options...
Creating bitmap...
Creating bitstream...
Writing bitstream ./hdmi_wrapper.bit...
INFO: [Vivado 12-1842] Bitgen Completed Successfully.
INFO: [Project 1-118] WebTalk data collection is enabled (User setting is ON. Install Setting is ON.).
INFO: [Common 17-83] Releasing license: Implementation
30 Infos, 31 Warnings, 0 Critical Warnings and 0 Errors encountered.
write_bitstream completed successfully
write_bitstream: Time (s): cpu = 00:01:05 ; elapsed = 00:00:52 . Memory (MB): peak = 2220.445 ; gain = 599.258
INFO: [Common 17-206] Exiting Vivado at Fri Mar 22 19:07:29 2019...
