#-----------------------------------------------------------
# Webtalk v2017.4 (64-bit)
# SW Build 2086221 on Fri Dec 15 20:55:39 MST 2017
# 
# Start of session at: Mon Mar 25 20:41:59 2019
# Process ID: 366252
# Current directory: C:/proj_HoloFrame/fpga/NexysVideo_HDMI/proj/HDMI.sdk/webtalk
# Command line: wbtcv.exe -mode batch -source sdk_webtalk.tcl
# Log file: C:/proj_HoloFrame/fpga/NexysVideo_HDMI/proj/HDMI.sdk/webtalk/webtalk.log
# Journal file: C:/proj_HoloFrame/fpga/NexysVideo_HDMI/proj/HDMI.sdk/webtalk\webtalk.jou
#-----------------------------------------------------------
source sdk_webtalk.tcl
# webtalk_init -webtalk_dir C:\\proj_HoloFrame\\fpga\\NexysVideo_HDMI\\proj\\HDMI.sdk\\webtalk
# webtalk_register_client -client project
# webtalk_add_data -client project -key date_generated -value "2019-03-25 20:41:58" -context "software_version_and_target_device"
# webtalk_add_data -client project -key product_version -value "SDK v2017.4" -context "software_version_and_target_device"
# webtalk_add_data -client project -key build_version -value "2017.4" -context "software_version_and_target_device"
# webtalk_add_data -client project -key os_platform -value "amd64" -context "software_version_and_target_device"
# webtalk_add_data -client project -key registration_id -value "211387882_1777527812_210663870_360" -context "software_version_and_target_device"
# webtalk_add_data -client project -key tool_flow -value "SDK" -context "software_version_and_target_device"
# webtalk_add_data -client project -key beta -value "false" -context "software_version_and_target_device"
# webtalk_add_data -client project -key route_design -value "NA" -context "software_version_and_target_device"
# webtalk_add_data -client project -key target_family -value "NA" -context "software_version_and_target_device"
# webtalk_add_data -client project -key target_device -value "NA" -context "software_version_and_target_device"
# webtalk_add_data -client project -key target_package -value "NA" -context "software_version_and_target_device"
# webtalk_add_data -client project -key target_speed -value "NA" -context "software_version_and_target_device"
# webtalk_add_data -client project -key random_id -value "dlp2hllldfcte4ioqm3e0puaic" -context "software_version_and_target_device"
# webtalk_add_data -client project -key project_id -value "2017.4_10" -context "software_version_and_target_device"
# webtalk_add_data -client project -key project_iteration -value "10" -context "software_version_and_target_device"
# webtalk_add_data -client project -key os_name -value "Microsoft Windows 7 , 64-bit" -context "user_environment"
# webtalk_add_data -client project -key os_release -value "Service Pack 1  (build 7601)" -context "user_environment"
# webtalk_add_data -client project -key cpu_name -value "Intel(R) Core(TM) i7-4790 CPU @ 3.60GHz" -context "user_environment"
# webtalk_add_data -client project -key cpu_speed -value "3597 MHz" -context "user_environment"
# webtalk_add_data -client project -key total_processors -value "1" -context "user_environment"
# webtalk_add_data -client project -key system_ram -value "34.300 GB" -context "user_environment"
# webtalk_register_client -client sdk
# webtalk_add_data -client sdk -key uid -value "1553513957514" -context "sdk\\\\hardware/1553513957514"
# webtalk_add_data -client sdk -key isZynq -value "false" -context "sdk\\\\hardware/1553513957514"
# webtalk_add_data -client sdk -key isZynqMP -value "false" -context "sdk\\\\hardware/1553513957514"
# webtalk_add_data -client sdk -key Processors -value "1" -context "sdk\\\\hardware/1553513957514"
# webtalk_add_data -client sdk -key VivadoVersion -value "2017.4" -context "sdk\\\\hardware/1553513957514"
# webtalk_add_data -client sdk -key Arch -value "artix7" -context "sdk\\\\hardware/1553513957514"
# webtalk_add_data -client sdk -key Device -value "7a200t" -context "sdk\\\\hardware/1553513957514"
# webtalk_add_data -client sdk -key IsHandoff -value "true" -context "sdk\\\\hardware/1553513957514"
# webtalk_add_data -client sdk -key os -value "NA" -context "sdk\\\\hardware/1553513957514"
# webtalk_add_data -client sdk -key apptemplate -value "NA" -context "sdk\\\\hardware/1553513957514"
# webtalk_add_data -client sdk -key RecordType -value "HWCreation" -context "sdk\\\\hardware/1553513957514"
# webtalk_add_data -client sdk -key uid -value "1553514003560" -context "sdk\\\\bsp/1553514003560"
# webtalk_add_data -client sdk -key hwid -value "1553513957514" -context "sdk\\\\bsp/1553514003560"
# webtalk_add_data -client sdk -key os -value "standalone" -context "sdk\\\\bsp/1553514003560"
# webtalk_add_data -client sdk -key apptemplate -value "empty_application" -context "sdk\\\\bsp/1553514003560"
# webtalk_add_data -client sdk -key RecordType -value "BSPCreation" -context "sdk\\\\bsp/1553514003560"
# webtalk_add_data -client sdk -key uid -value "1553514004977" -context "sdk\\\\application/1553514004977"
# webtalk_add_data -client sdk -key hwid -value "1553513957514" -context "sdk\\\\application/1553514004977"
# webtalk_add_data -client sdk -key bspid -value "1553514003560" -context "sdk\\\\application/1553514004977"
# webtalk_add_data -client sdk -key newbsp -value "true" -context "sdk\\\\application/1553514004977"
# webtalk_add_data -client sdk -key os -value "standalone" -context "sdk\\\\application/1553514004977"
# webtalk_add_data -client sdk -key apptemplate -value "empty_application" -context "sdk\\\\application/1553514004977"
# webtalk_add_data -client sdk -key RecordType -value "APPCreation" -context "sdk\\\\application/1553514004977"
# webtalk_add_data -client sdk -key LangUsed -value "CPP" -context "sdk\\\\application/1553514004977"
# webtalk_add_data -client sdk -key Procused -value "microblaze" -context "sdk\\\\application/1553514004977"
# webtalk_add_data -client sdk -key projSize -value "381.13671875" -context "sdk\\\\application/1553514004977"
# webtalk_add_data -client sdk -key uid -value "NA" -context "sdk\\\\bsp/1553514118209"
# webtalk_add_data -client sdk -key RecordType -value "ToolUsage" -context "sdk\\\\bsp/1553514118209"
# webtalk_add_data -client sdk -key BootgenCount -value "0" -context "sdk\\\\bsp/1553514118209"
# webtalk_add_data -client sdk -key DebugCount -value "1" -context "sdk\\\\bsp/1553514118209"
# webtalk_add_data -client sdk -key PerfCount -value "0" -context "sdk\\\\bsp/1553514118209"
# webtalk_add_data -client sdk -key FlashCount -value "0" -context "sdk\\\\bsp/1553514118209"
# webtalk_add_data -client sdk -key CrossTriggCount -value "0" -context "sdk\\\\bsp/1553514118209"
# webtalk_add_data -client sdk -key QemuDebugCount -value "0" -context "sdk\\\\bsp/1553514118209"
# webtalk_transmit -clientid 3825893588 -regid "211387882_1777527812_210663870_360" -xml C:\\proj_HoloFrame\\fpga\\NexysVideo_HDMI\\proj\\HDMI.sdk\\webtalk\\usage_statistics_ext_sdk.xml -html C:\\proj_HoloFrame\\fpga\\NexysVideo_HDMI\\proj\\HDMI.sdk\\webtalk\\usage_statistics_ext_sdk.html -wdm C:\\proj_HoloFrame\\fpga\\NexysVideo_HDMI\\proj\\HDMI.sdk\\webtalk\\sdk_webtalk.wdm -intro "<H3>SDK Usage Report</H3><BR>"
# webtalk_terminate
INFO: [Common 17-206] Exiting Webtalk at Mon Mar 25 20:42:01 2019...
